#
# There is insufficient memory for the Java Runtime Environment to continue.
# Native memory allocation (malloc) failed to allocate 1263872 bytes for Chunk::new
# Possible reasons:
#   The system is out of physical RAM or swap space
#   The process is running with CompressedOops enabled, and the Java Heap may be blocking the growth of the native heap
# Possible solutions:
#   Reduce memory load on the system
#   Increase physical memory or swap space
#   Check if swap backing store is full
#   Decrease Java heap size (-Xmx/-Xms)
#   Decrease number of Java threads
#   Decrease Java thread stack sizes (-Xss)
#   Set larger code cache with -XX:ReservedCodeCacheSize=
#   JVM is running with Unscaled Compressed Oops mode in which the Java heap is
#     placed in the first 4GB address space. The Java Heap base address is the
#     maximum limit for the native heap growth. Please use -XX:HeapBaseMinAddress
#     to set the Java Heap base and to place the Java Heap above 4GB virtual address.
# This output file may be truncated or incomplete.
#
#  Out of Memory Error (arena.cpp:189), pid=21040, tid=19420
#
# JRE version: Java(TM) SE Runtime Environment (17.0.7+8) (build 17.0.7+8-LTS-224)
# Java VM: Java HotSpot(TM) 64-Bit Server VM (17.0.7+8-LTS-224, mixed mode, sharing, tiered, compressed oops, compressed class ptrs, g1 gc, windows-amd64)
# No core dump will be written. Minidumps are not enabled by default on client versions of Windows
#

---------------  S U M M A R Y ------------

Command Line: --add-opens=java.base/java.util=ALL-UNNAMED --add-opens=java.base/java.lang=ALL-UNNAMED --add-opens=java.base/java.lang.invoke=ALL-UNNAMED --add-opens=java.prefs/java.util.prefs=ALL-UNNAMED --add-opens=java.base/java.nio.charset=ALL-UNNAMED --add-opens=java.base/java.net=ALL-UNNAMED --add-opens=java.base/java.util.concurrent.atomic=ALL-UNNAMED -XX:MaxMetaspaceSize=384m -XX:+HeapDumpOnOutOfMemoryError -Xms256m -Xmx512m -Dfile.encoding=windows-1252 -Duser.country=CO -Duser.language=es -Duser.variant -javaagent:C:\Users\david\.gradle\wrapper\dists\gradle-8.4-bin\1w5dpkrfk8irigvoxmyhowfim\gradle-8.4\lib\agents\gradle-instrumentation-agent-8.4.jar org.gradle.launcher.daemon.bootstrap.GradleDaemon 8.4

Host: 12th Gen Intel(R) Core(TM) i7-1255U, 12 cores, 15G,  Windows 11 , 64 bit Build 22621 (10.0.22621.2428)
Time: Thu Nov  9 21:41:40 2023 Hora est. Pacífico, Sudamérica elapsed time: 17.026117 seconds (0d 0h 0m 17s)

---------------  T H R E A D  ---------------

Current thread (0x0000022a297c8c50):  JavaThread "C2 CompilerThread1" daemon [_thread_in_native, id=19420, stack(0x000000e7a3b00000,0x000000e7a3c00000)]


Current CompileTask:
C2:  17026 6833 %     4       org.objectweb.asm.ClassReader::readCode @ 1561 (5117 bytes)

Stack: [0x000000e7a3b00000,0x000000e7a3c00000]
Native frames: (J=compiled Java code, j=interpreted, Vv=VM code, C=native code)
V  [jvm.dll+0x676a4a]
V  [jvm.dll+0x7d74f4]
V  [jvm.dll+0x7d8c9e]
V  [jvm.dll+0x7d9303]
V  [jvm.dll+0x2452c5]
V  [jvm.dll+0xaaa2b]
V  [jvm.dll+0xaafcc]
V  [jvm.dll+0x36141e]
V  [jvm.dll+0x1bb1e5]
V  [jvm.dll+0x217c27]
V  [jvm.dll+0x216f01]
V  [jvm.dll+0x1a35e0]
V  [jvm.dll+0x226a6e]
V  [jvm.dll+0x224e15]
V  [jvm.dll+0x78d05c]
V  [jvm.dll+0x78759a]
V  [jvm.dll+0x675875]
C  [ucrtbase.dll+0x29363]
C  [KERNEL32.DLL+0x1257d]
C  [ntdll.dll+0x5aa78]


---------------  P R O C E S S  ---------------

Threads class SMR info:
_java_thread_list=0x0000022a283639c0, length=46, elements={
0x0000022a0afcdd50, 0x0000022a25cd1360, 0x0000022a25cd20e0, 0x0000022a25ce9b00,
0x0000022a25cea5c0, 0x0000022a25cece90, 0x0000022a25cef760, 0x0000022a25cf4760,
0x0000022a25cf5520, 0x0000022a25cf7e30, 0x0000022a268a89d0, 0x0000022a268a6350,
0x0000022a268a71c0, 0x0000022a268a6820, 0x0000022a268a6cf0, 0x0000022a268a9370,
0x0000022a268a8030, 0x0000022a268a8500, 0x0000022a268a7690, 0x0000022a268a7b60,
0x0000022a268a8ea0, 0x0000022a268a59b0, 0x0000022a268a5e80, 0x0000022a281a0870,
0x0000022a281a68b0, 0x0000022a2819fa00, 0x0000022a2819f530, 0x0000022a281a2550,
0x0000022a281a0d40, 0x0000022a281a1bb0, 0x0000022a281a16e0, 0x0000022a281a4230,
0x0000022a281a2080, 0x0000022a281a2a20, 0x0000022a281a3d60, 0x0000022a281a2ef0,
0x0000022a281a33c0, 0x0000022a281a4bd0, 0x0000022a281a5f10, 0x0000022a281a4700,
0x0000022a2819f060, 0x0000022a281a5570, 0x0000022a281a50a0, 0x0000022a281a5a40,
0x0000022a281a1210, 0x0000022a297c8c50
}

Java Threads: ( => current thread )
  0x0000022a0afcdd50 JavaThread "main" [_thread_blocked, id=16436, stack(0x000000e7a0800000,0x000000e7a0900000)]
  0x0000022a25cd1360 JavaThread "Reference Handler" daemon [_thread_blocked, id=20288, stack(0x000000e7a0f00000,0x000000e7a1000000)]
  0x0000022a25cd20e0 JavaThread "Finalizer" daemon [_thread_blocked, id=21360, stack(0x000000e7a1000000,0x000000e7a1100000)]
  0x0000022a25ce9b00 JavaThread "Signal Dispatcher" daemon [_thread_blocked, id=19588, stack(0x000000e7a1100000,0x000000e7a1200000)]
  0x0000022a25cea5c0 JavaThread "Attach Listener" daemon [_thread_blocked, id=4100, stack(0x000000e7a1200000,0x000000e7a1300000)]
  0x0000022a25cece90 JavaThread "Service Thread" daemon [_thread_blocked, id=9528, stack(0x000000e7a1300000,0x000000e7a1400000)]
  0x0000022a25cef760 JavaThread "Monitor Deflation Thread" daemon [_thread_blocked, id=4460, stack(0x000000e7a1400000,0x000000e7a1500000)]
  0x0000022a25cf4760 JavaThread "C2 CompilerThread0" daemon [_thread_in_native, id=9348, stack(0x000000e7a1500000,0x000000e7a1600000)]
  0x0000022a25cf5520 JavaThread "C1 CompilerThread0" daemon [_thread_blocked, id=19100, stack(0x000000e7a1600000,0x000000e7a1700000)]
  0x0000022a25cf7e30 JavaThread "Sweeper thread" daemon [_thread_blocked, id=11700, stack(0x000000e7a1700000,0x000000e7a1800000)]
  0x0000022a268a89d0 JavaThread "Common-Cleaner" daemon [_thread_blocked, id=20336, stack(0x000000e7a1800000,0x000000e7a1900000)]
  0x0000022a268a6350 JavaThread "Notification Thread" daemon [_thread_blocked, id=18588, stack(0x000000e7a1a00000,0x000000e7a1b00000)]
  0x0000022a268a71c0 JavaThread "Daemon health stats" [_thread_blocked, id=5480, stack(0x000000e7a2200000,0x000000e7a2300000)]
  0x0000022a268a6820 JavaThread "Incoming local TCP Connector on port 56553" [_thread_in_native, id=9844, stack(0x000000e7a2300000,0x000000e7a2400000)]
  0x0000022a268a6cf0 JavaThread "Daemon periodic checks" [_thread_blocked, id=20672, stack(0x000000e7a2400000,0x000000e7a2500000)]
  0x0000022a268a9370 JavaThread "Daemon" [_thread_blocked, id=21044, stack(0x000000e7a2500000,0x000000e7a2600000)]
  0x0000022a268a8030 JavaThread "Handler for socket connection from /127.0.0.1:56553 to /127.0.0.1:56554" [_thread_in_native, id=21340, stack(0x000000e7a2600000,0x000000e7a2700000)]
  0x0000022a268a8500 JavaThread "Cancel handler" [_thread_blocked, id=7668, stack(0x000000e7a2700000,0x000000e7a2800000)]
  0x0000022a268a7690 JavaThread "Daemon worker" [_thread_blocked, id=20516, stack(0x000000e7a2800000,0x000000e7a2900000)]
  0x0000022a268a7b60 JavaThread "Asynchronous log dispatcher for DefaultDaemonConnection: socket connection from /127.0.0.1:56553 to /127.0.0.1:56554" [_thread_blocked, id=7008, stack(0x000000e7a2900000,0x000000e7a2a00000)]
  0x0000022a268a8ea0 JavaThread "Stdin handler" [_thread_blocked, id=6732, stack(0x000000e7a2a00000,0x000000e7a2b00000)]
  0x0000022a268a59b0 JavaThread "Daemon client event forwarder" [_thread_blocked, id=20132, stack(0x000000e7a2b00000,0x000000e7a2c00000)]
  0x0000022a268a5e80 JavaThread "Cache worker for journal cache (C:\Users\david\.gradle\caches\journal-1)" [_thread_blocked, id=21160, stack(0x000000e7a2c00000,0x000000e7a2d00000)]
  0x0000022a281a0870 JavaThread "File lock request listener" [_thread_in_native, id=17156, stack(0x000000e7a2d00000,0x000000e7a2e00000)]
  0x0000022a281a68b0 JavaThread "Cache worker for file hash cache (C:\Users\david\.gradle\caches\8.4\fileHashes)" [_thread_blocked, id=2756, stack(0x000000e7a2e00000,0x000000e7a2f00000)]
  0x0000022a2819fa00 JavaThread "File watcher server" daemon [_thread_in_native, id=5624, stack(0x000000e7a2f00000,0x000000e7a3000000)]
  0x0000022a2819f530 JavaThread "File watcher consumer" daemon [_thread_blocked, id=4572, stack(0x000000e7a3000000,0x000000e7a3100000)]
  0x0000022a281a2550 JavaThread "jar transforms" [_thread_blocked, id=9964, stack(0x000000e7a1900000,0x000000e7a1a00000)]
  0x0000022a281a0d40 JavaThread "jar transforms Thread 2" [_thread_blocked, id=19360, stack(0x000000e7a2100000,0x000000e7a2200000)]
  0x0000022a281a1bb0 JavaThread "jar transforms Thread 3" [_thread_in_Java, id=19692, stack(0x000000e7a3100000,0x000000e7a3200000)]
  0x0000022a281a16e0 JavaThread "jar transforms Thread 4" [_thread_in_Java, id=3260, stack(0x000000e7a3200000,0x000000e7a3300000)]
  0x0000022a281a4230 JavaThread "jar transforms Thread 5" [_thread_blocked, id=328, stack(0x000000e7a3300000,0x000000e7a3400000)]
  0x0000022a281a2080 JavaThread "jar transforms Thread 6" [_thread_blocked, id=11604, stack(0x000000e7a3400000,0x000000e7a3500000)]
  0x0000022a281a2a20 JavaThread "jar transforms Thread 7" [_thread_blocked, id=11212, stack(0x000000e7a3500000,0x000000e7a3600000)]
  0x0000022a281a3d60 JavaThread "jar transforms Thread 8" [_thread_blocked, id=1944, stack(0x000000e7a3600000,0x000000e7a3700000)]
  0x0000022a281a2ef0 JavaThread "jar transforms Thread 9" [_thread_blocked, id=20360, stack(0x000000e7a3700000,0x000000e7a3800000)]
  0x0000022a281a33c0 JavaThread "jar transforms Thread 10" [_thread_blocked, id=19632, stack(0x000000e7a3800000,0x000000e7a3900000)]
  0x0000022a281a4bd0 JavaThread "jar transforms Thread 11" [_thread_blocked, id=9092, stack(0x000000e7a3900000,0x000000e7a3a00000)]
  0x0000022a281a5f10 JavaThread "jar transforms Thread 12" [_thread_blocked, id=20568, stack(0x000000e7a3a00000,0x000000e7a3b00000)]
  0x0000022a281a4700 JavaThread "Cache worker for checksums cache (C:\Users\david\OneDrive\Documentos\MyProjects\carddatabase\carddatabase\.gradle\8.4\checksums)" [_thread_blocked, id=9380, stack(0x000000e7a4300000,0x000000e7a4400000)]
  0x0000022a2819f060 JavaThread "Cache worker for file hash cache (C:\Users\david\OneDrive\Documentos\MyProjects\carddatabase\carddatabase\.gradle\8.4\fileHashes)" [_thread_blocked, id=21164, stack(0x000000e7a4400000,0x000000e7a4500000)]
  0x0000022a281a5570 JavaThread "Cache worker for cache directory md-supplier (C:\Users\david\.gradle\caches\8.4\md-supplier)" [_thread_blocked, id=20540, stack(0x000000e7a4200000,0x000000e7a4300000)]
  0x0000022a281a50a0 JavaThread "Cache worker for file content cache (C:\Users\david\.gradle\caches\8.4\fileContent)" [_thread_blocked, id=21100, stack(0x000000e7a4500000,0x000000e7a4600000)]
  0x0000022a281a5a40 JavaThread "Cache worker for cache directory md-rule (C:\Users\david\.gradle\caches\8.4\md-rule)" [_thread_blocked, id=13692, stack(0x000000e7a4600000,0x000000e7a4700000)]
  0x0000022a281a1210 JavaThread "Cache worker for execution history cache (C:\Users\david\.gradle\caches\8.4\executionHistory)" [_thread_blocked, id=17976, stack(0x000000e7a4700000,0x000000e7a4800000)]
=>0x0000022a297c8c50 JavaThread "C2 CompilerThread1" daemon [_thread_in_native, id=19420, stack(0x000000e7a3b00000,0x000000e7a3c00000)]

Other Threads:
  0x0000022a25ccc850 VMThread "VM Thread" [stack: 0x000000e7a0e00000,0x000000e7a0f00000] [id=18272]
  0x0000022a0b02df80 WatcherThread [stack: 0x000000e7a1b00000,0x000000e7a1c00000] [id=20612]
  0x0000022a0affe190 GCTaskThread "GC Thread#0" [stack: 0x000000e7a0900000,0x000000e7a0a00000] [id=21396]
  0x0000022a276cf940 GCTaskThread "GC Thread#1" [stack: 0x000000e7a1c00000,0x000000e7a1d00000] [id=21260]
  0x0000022a27237a60 GCTaskThread "GC Thread#2" [stack: 0x000000e7a1d00000,0x000000e7a1e00000] [id=18268]
  0x0000022a2764fd60 GCTaskThread "GC Thread#3" [stack: 0x000000e7a1e00000,0x000000e7a1f00000] [id=20848]
  0x0000022a26bfebe0 GCTaskThread "GC Thread#4" [stack: 0x000000e7a1f00000,0x000000e7a2000000] [id=9580]
  0x0000022a2733d950 GCTaskThread "GC Thread#5" [stack: 0x000000e7a2000000,0x000000e7a2100000] [id=20152]
  0x0000022a281a7d40 GCTaskThread "GC Thread#6" [stack: 0x000000e7a3c00000,0x000000e7a3d00000] [id=12768]
  0x0000022a281a8550 GCTaskThread "GC Thread#7" [stack: 0x000000e7a3d00000,0x000000e7a3e00000] [id=18488]
  0x0000022a281a9820 GCTaskThread "GC Thread#8" [stack: 0x000000e7a3e00000,0x000000e7a3f00000] [id=20120]
  0x0000022a281a8800 GCTaskThread "GC Thread#9" [stack: 0x000000e7a3f00000,0x000000e7a4000000] [id=6132]
  0x0000022a0b002fe0 ConcurrentGCThread "G1 Main Marker" [stack: 0x000000e7a0a00000,0x000000e7a0b00000] [id=15080]
  0x0000022a0b003900 ConcurrentGCThread "G1 Conc#0" [stack: 0x000000e7a0b00000,0x000000e7a0c00000] [id=16744]
  0x0000022a281a8ab0 ConcurrentGCThread "G1 Conc#1" [stack: 0x000000e7a4000000,0x000000e7a4100000] [id=2788]
  0x0000022a2a8170b0 ConcurrentGCThread "G1 Conc#2" [stack: 0x000000e7a4100000,0x000000e7a4200000] [id=2768]
  0x0000022a0b09df30 ConcurrentGCThread "G1 Refine#0" [stack: 0x000000e7a0c00000,0x000000e7a0d00000] [id=10340]
  0x0000022a2a9aaee0 ConcurrentGCThread "G1 Refine#1" [stack: 0x000000e7a4800000,0x000000e7a4900000] [id=20636]
  0x0000022a0b09e860 ConcurrentGCThread "G1 Service" [stack: 0x000000e7a0d00000,0x000000e7a0e00000] [id=21452]

Threads with active compile tasks:
C2 CompilerThread0    17063 6797       4       org.objectweb.asm.ClassReader::accept (1412 bytes)
C2 CompilerThread1    17063 6833 %     4       org.objectweb.asm.ClassReader::readCode @ 1561 (5117 bytes)

VM state: not at safepoint (normal execution)

VM Mutex/Monitor currently owned by a thread: None

Heap address: 0x00000000e0000000, size: 512 MB, Compressed Oops mode: 32-bit

CDS archive(s) mapped at: [0x0000000800000000-0x0000000800bd0000-0x0000000800bd0000), size 12386304, SharedBaseAddress: 0x0000000800000000, ArchiveRelocationMode: 0.
Compressed class space mapped at: 0x0000000800c00000-0x0000000814000000, reserved size: 322961408
Narrow klass base: 0x0000000800000000, Narrow klass shift: 0, Narrow klass range: 0x100000000

GC Precious Log:
 CPUs: 12 total, 12 available
 Memory: 16108M
 Large Page Support: Disabled
 NUMA Support: Disabled
 Compressed Oops: Enabled (32-bit)
 Heap Region Size: 1M
 Heap Min Capacity: 256M
 Heap Initial Capacity: 256M
 Heap Max Capacity: 512M
 Pre-touch: Disabled
 Parallel Workers: 10
 Concurrent Workers: 3
 Concurrent Refinement Workers: 10
 Periodic GC: Disabled

Heap:
 garbage-first heap   total 262144K, used 130627K [0x00000000e0000000, 0x0000000100000000)
  region size 1024K, 80 young (81920K), 8 survivors (8192K)
 Metaspace       used 44202K, committed 44608K, reserved 356352K
  class space    used 6095K, committed 6272K, reserved 315392K

Heap Regions: E=young(eden), S=young(survivor), O=old, HS=humongous(starts), HC=humongous(continues), CS=collection set, F=free, OA=open archive, CA=closed archive, TAMS=top-at-mark-start (previous, next)
|   0|0x00000000e0000000, 0x00000000e0100000, 0x00000000e0100000|100%|HS|  |TAMS 0x00000000e0100000, 0x00000000e0000000| Complete 
|   1|0x00000000e0100000, 0x00000000e0200000, 0x00000000e0200000|100%|HC|  |TAMS 0x00000000e0200000, 0x00000000e0100000| Complete 
|   2|0x00000000e0200000, 0x00000000e0300000, 0x00000000e0300000|100%|HC|  |TAMS 0x00000000e0300000, 0x00000000e0200000| Complete 
|   3|0x00000000e0300000, 0x00000000e0400000, 0x00000000e0400000|100%|HC|  |TAMS 0x00000000e0400000, 0x00000000e0300000| Complete 
|   4|0x00000000e0400000, 0x00000000e0500000, 0x00000000e0500000|100%| O|  |TAMS 0x00000000e0500000, 0x00000000e0400000| Untracked 
|   5|0x00000000e0500000, 0x00000000e0600000, 0x00000000e0600000|100%| O|  |TAMS 0x00000000e0600000, 0x00000000e0500000| Untracked 
|   6|0x00000000e0600000, 0x00000000e0700000, 0x00000000e0700000|100%| O|  |TAMS 0x00000000e0700000, 0x00000000e0600000| Untracked 
|   7|0x00000000e0700000, 0x00000000e0800000, 0x00000000e0800000|100%| O|  |TAMS 0x00000000e0800000, 0x00000000e0700000| Untracked 
|   8|0x00000000e0800000, 0x00000000e0900000, 0x00000000e0900000|100%| O|  |TAMS 0x00000000e0900000, 0x00000000e0800000| Untracked 
|   9|0x00000000e0900000, 0x00000000e0a00000, 0x00000000e0a00000|100%| O|  |TAMS 0x00000000e0900000, 0x00000000e0900000| Untracked 
|  10|0x00000000e0a00000, 0x00000000e0b00000, 0x00000000e0b00000|100%| O|  |TAMS 0x00000000e0b00000, 0x00000000e0a00000| Untracked 
|  11|0x00000000e0b00000, 0x00000000e0c00000, 0x00000000e0c00000|100%| O|  |TAMS 0x00000000e0c00000, 0x00000000e0b00000| Untracked 
|  12|0x00000000e0c00000, 0x00000000e0d00000, 0x00000000e0d00000|100%|HS|  |TAMS 0x00000000e0d00000, 0x00000000e0c00000| Complete 
|  13|0x00000000e0d00000, 0x00000000e0e00000, 0x00000000e0e00000|100%|HC|  |TAMS 0x00000000e0e00000, 0x00000000e0d00000| Complete 
|  14|0x00000000e0e00000, 0x00000000e0f00000, 0x00000000e0f00000|100%|HS|  |TAMS 0x00000000e0f00000, 0x00000000e0e00000| Complete 
|  15|0x00000000e0f00000, 0x00000000e1000000, 0x00000000e1000000|100%|HC|  |TAMS 0x00000000e1000000, 0x00000000e0f00000| Complete 
|  16|0x00000000e1000000, 0x00000000e1100000, 0x00000000e1100000|100%|HC|  |TAMS 0x00000000e1100000, 0x00000000e1000000| Complete 
|  17|0x00000000e1100000, 0x00000000e1200000, 0x00000000e1200000|100%|HS|  |TAMS 0x00000000e1200000, 0x00000000e1100000| Complete 
|  18|0x00000000e1200000, 0x00000000e1300000, 0x00000000e1300000|100%|HC|  |TAMS 0x00000000e1300000, 0x00000000e1200000| Complete 
|  19|0x00000000e1300000, 0x00000000e1400000, 0x00000000e1400000|100%|HC|  |TAMS 0x00000000e1400000, 0x00000000e1300000| Complete 
|  20|0x00000000e1400000, 0x00000000e1500000, 0x00000000e1500000|100%|HS|  |TAMS 0x00000000e1500000, 0x00000000e1400000| Complete 
|  21|0x00000000e1500000, 0x00000000e1600000, 0x00000000e1600000|100%|HC|  |TAMS 0x00000000e1600000, 0x00000000e1500000| Complete 
|  22|0x00000000e1600000, 0x00000000e1700000, 0x00000000e1700000|100%|HC|  |TAMS 0x00000000e1700000, 0x00000000e1600000| Complete 
|  23|0x00000000e1700000, 0x00000000e1800000, 0x00000000e1800000|100%| O|  |TAMS 0x00000000e1800000, 0x00000000e1700000| Untracked 
|  24|0x00000000e1800000, 0x00000000e1900000, 0x00000000e1900000|100%| O|  |TAMS 0x00000000e1900000, 0x00000000e1800000| Untracked 
|  25|0x00000000e1900000, 0x00000000e1a00000, 0x00000000e1a00000|100%| O|  |TAMS 0x00000000e1a00000, 0x00000000e1900000| Untracked 
|  26|0x00000000e1a00000, 0x00000000e1b00000, 0x00000000e1b00000|100%| O|  |TAMS 0x00000000e1b00000, 0x00000000e1a00000| Untracked 
|  27|0x00000000e1b00000, 0x00000000e1c00000, 0x00000000e1c00000|100%| O|  |TAMS 0x00000000e1c00000, 0x00000000e1b00000| Untracked 
|  28|0x00000000e1c00000, 0x00000000e1d00000, 0x00000000e1d00000|100%| O|  |TAMS 0x00000000e1d00000, 0x00000000e1c00000| Untracked 
|  29|0x00000000e1d00000, 0x00000000e1e00000, 0x00000000e1e00000|100%| O|  |TAMS 0x00000000e1e00000, 0x00000000e1d00000| Untracked 
|  30|0x00000000e1e00000, 0x00000000e1f00000, 0x00000000e1f00000|100%| O|  |TAMS 0x00000000e1f00000, 0x00000000e1e00000| Untracked 
|  31|0x00000000e1f00000, 0x00000000e2000000, 0x00000000e2000000|100%| O|  |TAMS 0x00000000e2000000, 0x00000000e1f00000| Untracked 
|  32|0x00000000e2000000, 0x00000000e2100000, 0x00000000e2100000|100%| O|  |TAMS 0x00000000e2100000, 0x00000000e2000000| Untracked 
|  33|0x00000000e2100000, 0x00000000e2200000, 0x00000000e2200000|100%| O|  |TAMS 0x00000000e2200000, 0x00000000e2100000| Untracked 
|  34|0x00000000e2200000, 0x00000000e2300000, 0x00000000e2300000|100%| O|  |TAMS 0x00000000e2300000, 0x00000000e2200000| Untracked 
|  35|0x00000000e2300000, 0x00000000e2400000, 0x00000000e2400000|100%| O|  |TAMS 0x00000000e2400000, 0x00000000e2300000| Untracked 
|  36|0x00000000e2400000, 0x00000000e2500000, 0x00000000e2500000|100%| O|  |TAMS 0x00000000e2500000, 0x00000000e2400000| Untracked 
|  37|0x00000000e2500000, 0x00000000e2600000, 0x00000000e2600000|100%| O|  |TAMS 0x00000000e2600000, 0x00000000e2500000| Untracked 
|  38|0x00000000e2600000, 0x00000000e2700000, 0x00000000e2700000|100%| O|  |TAMS 0x00000000e2700000, 0x00000000e2600000| Untracked 
|  39|0x00000000e2700000, 0x00000000e2800000, 0x00000000e2800000|100%| O|  |TAMS 0x00000000e2800000, 0x00000000e2700000| Untracked 
|  40|0x00000000e2800000, 0x00000000e2900000, 0x00000000e2900000|100%| O|  |TAMS 0x00000000e2900000, 0x00000000e2800000| Untracked 
|  41|0x00000000e2900000, 0x00000000e2a00000, 0x00000000e2a00000|100%| O|  |TAMS 0x00000000e2a00000, 0x00000000e2900000| Untracked 
|  42|0x00000000e2a00000, 0x00000000e2b00000, 0x00000000e2b00000|100%| O|  |TAMS 0x00000000e2ac2e00, 0x00000000e2a00000| Untracked 
|  43|0x00000000e2b00000, 0x00000000e2c00000, 0x00000000e2c00000|100%|HS|  |TAMS 0x00000000e2b00000, 0x00000000e2b00000| Complete 
|  44|0x00000000e2c00000, 0x00000000e2d00000, 0x00000000e2d00000|100%|HC|  |TAMS 0x00000000e2c00000, 0x00000000e2c00000| Complete 
|  45|0x00000000e2d00000, 0x00000000e2e00000, 0x00000000e2e00000|100%|HC|  |TAMS 0x00000000e2d00000, 0x00000000e2d00000| Complete 
|  46|0x00000000e2e00000, 0x00000000e2f00000, 0x00000000e2f00000|100%| O|  |TAMS 0x00000000e2e00000, 0x00000000e2e00000| Untracked 
|  47|0x00000000e2f00000, 0x00000000e3000000, 0x00000000e3000000|100%| O|  |TAMS 0x00000000e2f00000, 0x00000000e2f00000| Untracked 
|  48|0x00000000e3000000, 0x00000000e3100000, 0x00000000e3100000|100%| O|  |TAMS 0x00000000e3000000, 0x00000000e3000000| Untracked 
|  49|0x00000000e3100000, 0x00000000e3150a00, 0x00000000e3200000| 31%| O|  |TAMS 0x00000000e3100000, 0x00000000e3100000| Untracked 
|  50|0x00000000e3200000, 0x00000000e3200000, 0x00000000e3300000|  0%| F|  |TAMS 0x00000000e3200000, 0x00000000e3200000| Untracked 
|  51|0x00000000e3300000, 0x00000000e3300000, 0x00000000e3400000|  0%| F|  |TAMS 0x00000000e3300000, 0x00000000e3300000| Untracked 
|  52|0x00000000e3400000, 0x00000000e3400000, 0x00000000e3500000|  0%| F|  |TAMS 0x00000000e3400000, 0x00000000e3400000| Untracked 
|  53|0x00000000e3500000, 0x00000000e3500000, 0x00000000e3600000|  0%| F|  |TAMS 0x00000000e3500000, 0x00000000e3500000| Untracked 
|  54|0x00000000e3600000, 0x00000000e3600000, 0x00000000e3700000|  0%| F|  |TAMS 0x00000000e3600000, 0x00000000e3600000| Untracked 
|  55|0x00000000e3700000, 0x00000000e3700000, 0x00000000e3800000|  0%| F|  |TAMS 0x00000000e3700000, 0x00000000e3700000| Untracked 
|  56|0x00000000e3800000, 0x00000000e3800000, 0x00000000e3900000|  0%| F|  |TAMS 0x00000000e3800000, 0x00000000e3800000| Untracked 
|  57|0x00000000e3900000, 0x00000000e3900000, 0x00000000e3a00000|  0%| F|  |TAMS 0x00000000e3900000, 0x00000000e3900000| Untracked 
|  58|0x00000000e3a00000, 0x00000000e3a00000, 0x00000000e3b00000|  0%| F|  |TAMS 0x00000000e3a00000, 0x00000000e3a00000| Untracked 
|  59|0x00000000e3b00000, 0x00000000e3b00000, 0x00000000e3c00000|  0%| F|  |TAMS 0x00000000e3b00000, 0x00000000e3b00000| Untracked 
|  60|0x00000000e3c00000, 0x00000000e3c00000, 0x00000000e3d00000|  0%| F|  |TAMS 0x00000000e3c00000, 0x00000000e3c00000| Untracked 
|  61|0x00000000e3d00000, 0x00000000e3d00000, 0x00000000e3e00000|  0%| F|  |TAMS 0x00000000e3d00000, 0x00000000e3d00000| Untracked 
|  62|0x00000000e3e00000, 0x00000000e3e00000, 0x00000000e3f00000|  0%| F|  |TAMS 0x00000000e3e00000, 0x00000000e3e00000| Untracked 
|  63|0x00000000e3f00000, 0x00000000e3f00000, 0x00000000e4000000|  0%| F|  |TAMS 0x00000000e3f00000, 0x00000000e3f00000| Untracked 
|  64|0x00000000e4000000, 0x00000000e4000000, 0x00000000e4100000|  0%| F|  |TAMS 0x00000000e4000000, 0x00000000e4000000| Untracked 
|  65|0x00000000e4100000, 0x00000000e4100000, 0x00000000e4200000|  0%| F|  |TAMS 0x00000000e4100000, 0x00000000e4100000| Untracked 
|  66|0x00000000e4200000, 0x00000000e4200000, 0x00000000e4300000|  0%| F|  |TAMS 0x00000000e4200000, 0x00000000e4200000| Untracked 
|  67|0x00000000e4300000, 0x00000000e4300000, 0x00000000e4400000|  0%| F|  |TAMS 0x00000000e4300000, 0x00000000e4300000| Untracked 
|  68|0x00000000e4400000, 0x00000000e4400000, 0x00000000e4500000|  0%| F|  |TAMS 0x00000000e4400000, 0x00000000e4400000| Untracked 
|  69|0x00000000e4500000, 0x00000000e4500000, 0x00000000e4600000|  0%| F|  |TAMS 0x00000000e4500000, 0x00000000e4500000| Untracked 
|  70|0x00000000e4600000, 0x00000000e4600000, 0x00000000e4700000|  0%| F|  |TAMS 0x00000000e4600000, 0x00000000e4600000| Untracked 
|  71|0x00000000e4700000, 0x00000000e4700000, 0x00000000e4800000|  0%| F|  |TAMS 0x00000000e4700000, 0x00000000e4700000| Untracked 
|  72|0x00000000e4800000, 0x00000000e4800000, 0x00000000e4900000|  0%| F|  |TAMS 0x00000000e4800000, 0x00000000e4800000| Untracked 
|  73|0x00000000e4900000, 0x00000000e4900000, 0x00000000e4a00000|  0%| F|  |TAMS 0x00000000e4900000, 0x00000000e4900000| Untracked 
|  74|0x00000000e4a00000, 0x00000000e4a00000, 0x00000000e4b00000|  0%| F|  |TAMS 0x00000000e4a00000, 0x00000000e4a00000| Untracked 
|  75|0x00000000e4b00000, 0x00000000e4b00000, 0x00000000e4c00000|  0%| F|  |TAMS 0x00000000e4b00000, 0x00000000e4b00000| Untracked 
|  76|0x00000000e4c00000, 0x00000000e4c00000, 0x00000000e4d00000|  0%| F|  |TAMS 0x00000000e4c00000, 0x00000000e4c00000| Untracked 
|  77|0x00000000e4d00000, 0x00000000e4d00000, 0x00000000e4e00000|  0%| F|  |TAMS 0x00000000e4d00000, 0x00000000e4d00000| Untracked 
|  78|0x00000000e4e00000, 0x00000000e4e00000, 0x00000000e4f00000|  0%| F|  |TAMS 0x00000000e4e00000, 0x00000000e4e00000| Untracked 
|  79|0x00000000e4f00000, 0x00000000e4f00000, 0x00000000e5000000|  0%| F|  |TAMS 0x00000000e4f00000, 0x00000000e4f00000| Untracked 
|  80|0x00000000e5000000, 0x00000000e5000000, 0x00000000e5100000|  0%| F|  |TAMS 0x00000000e5000000, 0x00000000e5000000| Untracked 
|  81|0x00000000e5100000, 0x00000000e5100000, 0x00000000e5200000|  0%| F|  |TAMS 0x00000000e5100000, 0x00000000e5100000| Untracked 
|  82|0x00000000e5200000, 0x00000000e5200000, 0x00000000e5300000|  0%| F|  |TAMS 0x00000000e5200000, 0x00000000e5200000| Untracked 
|  83|0x00000000e5300000, 0x00000000e5300000, 0x00000000e5400000|  0%| F|  |TAMS 0x00000000e5300000, 0x00000000e5300000| Untracked 
|  84|0x00000000e5400000, 0x00000000e5400000, 0x00000000e5500000|  0%| F|  |TAMS 0x00000000e5400000, 0x00000000e5400000| Untracked 
|  85|0x00000000e5500000, 0x00000000e5500000, 0x00000000e5600000|  0%| F|  |TAMS 0x00000000e5500000, 0x00000000e5500000| Untracked 
|  86|0x00000000e5600000, 0x00000000e5600000, 0x00000000e5700000|  0%| F|  |TAMS 0x00000000e5600000, 0x00000000e5600000| Untracked 
|  87|0x00000000e5700000, 0x00000000e5700000, 0x00000000e5800000|  0%| F|  |TAMS 0x00000000e5700000, 0x00000000e5700000| Untracked 
|  88|0x00000000e5800000, 0x00000000e5800000, 0x00000000e5900000|  0%| F|  |TAMS 0x00000000e5800000, 0x00000000e5800000| Untracked 
|  89|0x00000000e5900000, 0x00000000e5900000, 0x00000000e5a00000|  0%| F|  |TAMS 0x00000000e5900000, 0x00000000e5900000| Untracked 
|  90|0x00000000e5a00000, 0x00000000e5a00000, 0x00000000e5b00000|  0%| F|  |TAMS 0x00000000e5a00000, 0x00000000e5a00000| Untracked 
|  91|0x00000000e5b00000, 0x00000000e5b00000, 0x00000000e5c00000|  0%| F|  |TAMS 0x00000000e5b00000, 0x00000000e5b00000| Untracked 
|  92|0x00000000e5c00000, 0x00000000e5c00000, 0x00000000e5d00000|  0%| F|  |TAMS 0x00000000e5c00000, 0x00000000e5c00000| Untracked 
|  93|0x00000000e5d00000, 0x00000000e5d00000, 0x00000000e5e00000|  0%| F|  |TAMS 0x00000000e5d00000, 0x00000000e5d00000| Untracked 
|  94|0x00000000e5e00000, 0x00000000e5e00000, 0x00000000e5f00000|  0%| F|  |TAMS 0x00000000e5e00000, 0x00000000e5e00000| Untracked 
|  95|0x00000000e5f00000, 0x00000000e5f404a0, 0x00000000e6000000| 25%| S|CS|TAMS 0x00000000e5f00000, 0x00000000e5f00000| Complete 
|  96|0x00000000e6000000, 0x00000000e6100000, 0x00000000e6100000|100%| S|CS|TAMS 0x00000000e6000000, 0x00000000e6000000| Complete 
|  97|0x00000000e6100000, 0x00000000e6100000, 0x00000000e6200000|  0%| F|  |TAMS 0x00000000e6100000, 0x00000000e6100000| Untracked 
|  98|0x00000000e6200000, 0x00000000e6200000, 0x00000000e6300000|  0%| F|  |TAMS 0x00000000e6200000, 0x00000000e6200000| Untracked 
|  99|0x00000000e6300000, 0x00000000e6300000, 0x00000000e6400000|  0%| F|  |TAMS 0x00000000e6300000, 0x00000000e6300000| Untracked 
| 100|0x00000000e6400000, 0x00000000e6400000, 0x00000000e6500000|  0%| F|  |TAMS 0x00000000e6400000, 0x00000000e6400000| Untracked 
| 101|0x00000000e6500000, 0x00000000e6500000, 0x00000000e6600000|  0%| F|  |TAMS 0x00000000e6500000, 0x00000000e6500000| Untracked 
| 102|0x00000000e6600000, 0x00000000e6600000, 0x00000000e6700000|  0%| F|  |TAMS 0x00000000e6600000, 0x00000000e6600000| Untracked 
| 103|0x00000000e6700000, 0x00000000e6800000, 0x00000000e6800000|100%| S|CS|TAMS 0x00000000e6700000, 0x00000000e6700000| Complete 
| 104|0x00000000e6800000, 0x00000000e6900000, 0x00000000e6900000|100%| S|CS|TAMS 0x00000000e6800000, 0x00000000e6800000| Complete 
| 105|0x00000000e6900000, 0x00000000e6a00000, 0x00000000e6a00000|100%| S|CS|TAMS 0x00000000e6900000, 0x00000000e6900000| Complete 
| 106|0x00000000e6a00000, 0x00000000e6b00000, 0x00000000e6b00000|100%| S|CS|TAMS 0x00000000e6a00000, 0x00000000e6a00000| Complete 
| 107|0x00000000e6b00000, 0x00000000e6c00000, 0x00000000e6c00000|100%| S|CS|TAMS 0x00000000e6b00000, 0x00000000e6b00000| Complete 
| 108|0x00000000e6c00000, 0x00000000e6d00000, 0x00000000e6d00000|100%| S|CS|TAMS 0x00000000e6c00000, 0x00000000e6c00000| Complete 
| 109|0x00000000e6d00000, 0x00000000e6d00000, 0x00000000e6e00000|  0%| F|  |TAMS 0x00000000e6d00000, 0x00000000e6d00000| Untracked 
| 110|0x00000000e6e00000, 0x00000000e6e00000, 0x00000000e6f00000|  0%| F|  |TAMS 0x00000000e6e00000, 0x00000000e6e00000| Untracked 
| 111|0x00000000e6f00000, 0x00000000e6f00000, 0x00000000e7000000|  0%| F|  |TAMS 0x00000000e6f00000, 0x00000000e6f00000| Untracked 
| 112|0x00000000e7000000, 0x00000000e7000000, 0x00000000e7100000|  0%| F|  |TAMS 0x00000000e7000000, 0x00000000e7000000| Untracked 
| 113|0x00000000e7100000, 0x00000000e7100000, 0x00000000e7200000|  0%| F|  |TAMS 0x00000000e7100000, 0x00000000e7100000| Untracked 
| 114|0x00000000e7200000, 0x00000000e7200000, 0x00000000e7300000|  0%| F|  |TAMS 0x00000000e7200000, 0x00000000e7200000| Untracked 
| 115|0x00000000e7300000, 0x00000000e7300000, 0x00000000e7400000|  0%| F|  |TAMS 0x00000000e7300000, 0x00000000e7300000| Untracked 
| 116|0x00000000e7400000, 0x00000000e7400000, 0x00000000e7500000|  0%| F|  |TAMS 0x00000000e7400000, 0x00000000e7400000| Untracked 
| 117|0x00000000e7500000, 0x00000000e7500000, 0x00000000e7600000|  0%| F|  |TAMS 0x00000000e7500000, 0x00000000e7500000| Untracked 
| 118|0x00000000e7600000, 0x00000000e7600000, 0x00000000e7700000|  0%| F|  |TAMS 0x00000000e7600000, 0x00000000e7600000| Untracked 
| 119|0x00000000e7700000, 0x00000000e7700000, 0x00000000e7800000|  0%| F|  |TAMS 0x00000000e7700000, 0x00000000e7700000| Untracked 
| 120|0x00000000e7800000, 0x00000000e7800000, 0x00000000e7900000|  0%| F|  |TAMS 0x00000000e7800000, 0x00000000e7800000| Untracked 
| 121|0x00000000e7900000, 0x00000000e7900000, 0x00000000e7a00000|  0%| F|  |TAMS 0x00000000e7900000, 0x00000000e7900000| Untracked 
| 122|0x00000000e7a00000, 0x00000000e7a00000, 0x00000000e7b00000|  0%| F|  |TAMS 0x00000000e7a00000, 0x00000000e7a00000| Untracked 
| 123|0x00000000e7b00000, 0x00000000e7b00000, 0x00000000e7c00000|  0%| F|  |TAMS 0x00000000e7b00000, 0x00000000e7b00000| Untracked 
| 124|0x00000000e7c00000, 0x00000000e7c00000, 0x00000000e7d00000|  0%| F|  |TAMS 0x00000000e7c00000, 0x00000000e7c00000| Untracked 
| 125|0x00000000e7d00000, 0x00000000e7d00000, 0x00000000e7e00000|  0%| F|  |TAMS 0x00000000e7d00000, 0x00000000e7d00000| Untracked 
| 126|0x00000000e7e00000, 0x00000000e7e00000, 0x00000000e7f00000|  0%| F|  |TAMS 0x00000000e7e00000, 0x00000000e7e00000| Untracked 
| 127|0x00000000e7f00000, 0x00000000e7f00000, 0x00000000e8000000|  0%| F|  |TAMS 0x00000000e7f00000, 0x00000000e7f00000| Untracked 
| 128|0x00000000e8000000, 0x00000000e8000000, 0x00000000e8100000|  0%| F|  |TAMS 0x00000000e8000000, 0x00000000e8000000| Untracked 
| 129|0x00000000e8100000, 0x00000000e8100000, 0x00000000e8200000|  0%| F|  |TAMS 0x00000000e8100000, 0x00000000e8100000| Untracked 
| 130|0x00000000e8200000, 0x00000000e8200000, 0x00000000e8300000|  0%| F|  |TAMS 0x00000000e8200000, 0x00000000e8200000| Untracked 
| 131|0x00000000e8300000, 0x00000000e8300000, 0x00000000e8400000|  0%| F|  |TAMS 0x00000000e8300000, 0x00000000e8300000| Untracked 
| 132|0x00000000e8400000, 0x00000000e8400000, 0x00000000e8500000|  0%| F|  |TAMS 0x00000000e8400000, 0x00000000e8400000| Untracked 
| 133|0x00000000e8500000, 0x00000000e8500000, 0x00000000e8600000|  0%| F|  |TAMS 0x00000000e8500000, 0x00000000e8500000| Untracked 
| 134|0x00000000e8600000, 0x00000000e8600000, 0x00000000e8700000|  0%| F|  |TAMS 0x00000000e8600000, 0x00000000e8600000| Untracked 
| 135|0x00000000e8700000, 0x00000000e8700000, 0x00000000e8800000|  0%| F|  |TAMS 0x00000000e8700000, 0x00000000e8700000| Untracked 
| 136|0x00000000e8800000, 0x00000000e8800000, 0x00000000e8900000|  0%| F|  |TAMS 0x00000000e8800000, 0x00000000e8800000| Untracked 
| 137|0x00000000e8900000, 0x00000000e8900000, 0x00000000e8a00000|  0%| F|  |TAMS 0x00000000e8900000, 0x00000000e8900000| Untracked 
| 138|0x00000000e8a00000, 0x00000000e8a00000, 0x00000000e8b00000|  0%| F|  |TAMS 0x00000000e8a00000, 0x00000000e8a00000| Untracked 
| 139|0x00000000e8b00000, 0x00000000e8b00000, 0x00000000e8c00000|  0%| F|  |TAMS 0x00000000e8b00000, 0x00000000e8b00000| Untracked 
| 140|0x00000000e8c00000, 0x00000000e8c00000, 0x00000000e8d00000|  0%| F|  |TAMS 0x00000000e8c00000, 0x00000000e8c00000| Untracked 
| 141|0x00000000e8d00000, 0x00000000e8d00000, 0x00000000e8e00000|  0%| F|  |TAMS 0x00000000e8d00000, 0x00000000e8d00000| Untracked 
| 142|0x00000000e8e00000, 0x00000000e8e00000, 0x00000000e8f00000|  0%| F|  |TAMS 0x00000000e8e00000, 0x00000000e8e00000| Untracked 
| 143|0x00000000e8f00000, 0x00000000e8f00000, 0x00000000e9000000|  0%| F|  |TAMS 0x00000000e8f00000, 0x00000000e8f00000| Untracked 
| 144|0x00000000e9000000, 0x00000000e9000000, 0x00000000e9100000|  0%| F|  |TAMS 0x00000000e9000000, 0x00000000e9000000| Untracked 
| 145|0x00000000e9100000, 0x00000000e9100000, 0x00000000e9200000|  0%| F|  |TAMS 0x00000000e9100000, 0x00000000e9100000| Untracked 
| 146|0x00000000e9200000, 0x00000000e9200000, 0x00000000e9300000|  0%| F|  |TAMS 0x00000000e9200000, 0x00000000e9200000| Untracked 
| 147|0x00000000e9300000, 0x00000000e9300000, 0x00000000e9400000|  0%| F|  |TAMS 0x00000000e9300000, 0x00000000e9300000| Untracked 
| 148|0x00000000e9400000, 0x00000000e9400000, 0x00000000e9500000|  0%| F|  |TAMS 0x00000000e9400000, 0x00000000e9400000| Untracked 
| 149|0x00000000e9500000, 0x00000000e9500000, 0x00000000e9600000|  0%| F|  |TAMS 0x00000000e9500000, 0x00000000e9500000| Untracked 
| 150|0x00000000e9600000, 0x00000000e9600000, 0x00000000e9700000|  0%| F|  |TAMS 0x00000000e9600000, 0x00000000e9600000| Untracked 
| 151|0x00000000e9700000, 0x00000000e9700000, 0x00000000e9800000|  0%| F|  |TAMS 0x00000000e9700000, 0x00000000e9700000| Untracked 
| 152|0x00000000e9800000, 0x00000000e9800000, 0x00000000e9900000|  0%| F|  |TAMS 0x00000000e9800000, 0x00000000e9800000| Untracked 
| 153|0x00000000e9900000, 0x00000000e9900000, 0x00000000e9a00000|  0%| F|  |TAMS 0x00000000e9900000, 0x00000000e9900000| Untracked 
| 154|0x00000000e9a00000, 0x00000000e9a00000, 0x00000000e9b00000|  0%| F|  |TAMS 0x00000000e9a00000, 0x00000000e9a00000| Untracked 
| 155|0x00000000e9b00000, 0x00000000e9b00000, 0x00000000e9c00000|  0%| F|  |TAMS 0x00000000e9b00000, 0x00000000e9b00000| Untracked 
| 156|0x00000000e9c00000, 0x00000000e9c00000, 0x00000000e9d00000|  0%| F|  |TAMS 0x00000000e9c00000, 0x00000000e9c00000| Untracked 
| 157|0x00000000e9d00000, 0x00000000e9d00000, 0x00000000e9e00000|  0%| F|  |TAMS 0x00000000e9d00000, 0x00000000e9d00000| Untracked 
| 158|0x00000000e9e00000, 0x00000000e9e00000, 0x00000000e9f00000|  0%| F|  |TAMS 0x00000000e9e00000, 0x00000000e9e00000| Untracked 
| 159|0x00000000e9f00000, 0x00000000e9f00000, 0x00000000ea000000|  0%| F|  |TAMS 0x00000000e9f00000, 0x00000000e9f00000| Untracked 
| 160|0x00000000ea000000, 0x00000000ea000000, 0x00000000ea100000|  0%| F|  |TAMS 0x00000000ea000000, 0x00000000ea000000| Untracked 
| 161|0x00000000ea100000, 0x00000000ea100000, 0x00000000ea200000|  0%| F|  |TAMS 0x00000000ea100000, 0x00000000ea100000| Untracked 
| 162|0x00000000ea200000, 0x00000000ea200000, 0x00000000ea300000|  0%| F|  |TAMS 0x00000000ea200000, 0x00000000ea200000| Untracked 
| 163|0x00000000ea300000, 0x00000000ea300000, 0x00000000ea400000|  0%| F|  |TAMS 0x00000000ea300000, 0x00000000ea300000| Untracked 
| 164|0x00000000ea400000, 0x00000000ea400000, 0x00000000ea500000|  0%| F|  |TAMS 0x00000000ea400000, 0x00000000ea400000| Untracked 
| 165|0x00000000ea500000, 0x00000000ea500000, 0x00000000ea600000|  0%| F|  |TAMS 0x00000000ea500000, 0x00000000ea500000| Untracked 
| 166|0x00000000ea600000, 0x00000000ea600000, 0x00000000ea700000|  0%| F|  |TAMS 0x00000000ea600000, 0x00000000ea600000| Untracked 
| 167|0x00000000ea700000, 0x00000000ea700000, 0x00000000ea800000|  0%| F|  |TAMS 0x00000000ea700000, 0x00000000ea700000| Untracked 
| 168|0x00000000ea800000, 0x00000000ea800000, 0x00000000ea900000|  0%| F|  |TAMS 0x00000000ea800000, 0x00000000ea800000| Untracked 
| 169|0x00000000ea900000, 0x00000000ea900000, 0x00000000eaa00000|  0%| F|  |TAMS 0x00000000ea900000, 0x00000000ea900000| Untracked 
| 170|0x00000000eaa00000, 0x00000000eaa00000, 0x00000000eab00000|  0%| F|  |TAMS 0x00000000eaa00000, 0x00000000eaa00000| Untracked 
| 171|0x00000000eab00000, 0x00000000eab00000, 0x00000000eac00000|  0%| F|  |TAMS 0x00000000eab00000, 0x00000000eab00000| Untracked 
| 172|0x00000000eac00000, 0x00000000eac00000, 0x00000000ead00000|  0%| F|  |TAMS 0x00000000eac00000, 0x00000000eac00000| Untracked 
| 173|0x00000000ead00000, 0x00000000ead00000, 0x00000000eae00000|  0%| F|  |TAMS 0x00000000ead00000, 0x00000000ead00000| Untracked 
| 174|0x00000000eae00000, 0x00000000eae00000, 0x00000000eaf00000|  0%| F|  |TAMS 0x00000000eae00000, 0x00000000eae00000| Untracked 
| 175|0x00000000eaf00000, 0x00000000eaf00000, 0x00000000eb000000|  0%| F|  |TAMS 0x00000000eaf00000, 0x00000000eaf00000| Untracked 
| 176|0x00000000eb000000, 0x00000000eb000000, 0x00000000eb100000|  0%| F|  |TAMS 0x00000000eb000000, 0x00000000eb000000| Untracked 
| 177|0x00000000eb100000, 0x00000000eb100000, 0x00000000eb200000|  0%| F|  |TAMS 0x00000000eb100000, 0x00000000eb100000| Untracked 
| 178|0x00000000eb200000, 0x00000000eb200000, 0x00000000eb300000|  0%| F|  |TAMS 0x00000000eb200000, 0x00000000eb200000| Untracked 
| 179|0x00000000eb300000, 0x00000000eb300000, 0x00000000eb400000|  0%| F|  |TAMS 0x00000000eb300000, 0x00000000eb300000| Untracked 
| 180|0x00000000eb400000, 0x00000000eb400000, 0x00000000eb500000|  0%| F|  |TAMS 0x00000000eb400000, 0x00000000eb400000| Untracked 
| 181|0x00000000eb500000, 0x00000000eb500000, 0x00000000eb600000|  0%| F|  |TAMS 0x00000000eb500000, 0x00000000eb500000| Untracked 
| 182|0x00000000eb600000, 0x00000000eb600000, 0x00000000eb700000|  0%| F|  |TAMS 0x00000000eb600000, 0x00000000eb600000| Untracked 
| 183|0x00000000eb700000, 0x00000000eb780800, 0x00000000eb800000| 50%| E|  |TAMS 0x00000000eb700000, 0x00000000eb700000| Complete 
| 184|0x00000000eb800000, 0x00000000eb900000, 0x00000000eb900000|100%| E|CS|TAMS 0x00000000eb800000, 0x00000000eb800000| Complete 
| 185|0x00000000eb900000, 0x00000000eba00000, 0x00000000eba00000|100%| E|CS|TAMS 0x00000000eb900000, 0x00000000eb900000| Complete 
| 186|0x00000000eba00000, 0x00000000ebb00000, 0x00000000ebb00000|100%| E|CS|TAMS 0x00000000eba00000, 0x00000000eba00000| Complete 
| 187|0x00000000ebb00000, 0x00000000ebc00000, 0x00000000ebc00000|100%| E|CS|TAMS 0x00000000ebb00000, 0x00000000ebb00000| Complete 
| 188|0x00000000ebc00000, 0x00000000ebd00000, 0x00000000ebd00000|100%| E|CS|TAMS 0x00000000ebc00000, 0x00000000ebc00000| Complete 
| 189|0x00000000ebd00000, 0x00000000ebe00000, 0x00000000ebe00000|100%| E|CS|TAMS 0x00000000ebd00000, 0x00000000ebd00000| Complete 
| 190|0x00000000ebe00000, 0x00000000ebf00000, 0x00000000ebf00000|100%| E|CS|TAMS 0x00000000ebe00000, 0x00000000ebe00000| Complete 
| 191|0x00000000ebf00000, 0x00000000ec000000, 0x00000000ec000000|100%| E|CS|TAMS 0x00000000ebf00000, 0x00000000ebf00000| Complete 
| 192|0x00000000ec000000, 0x00000000ec100000, 0x00000000ec100000|100%| E|CS|TAMS 0x00000000ec000000, 0x00000000ec000000| Complete 
| 193|0x00000000ec100000, 0x00000000ec200000, 0x00000000ec200000|100%| E|CS|TAMS 0x00000000ec100000, 0x00000000ec100000| Complete 
| 194|0x00000000ec200000, 0x00000000ec300000, 0x00000000ec300000|100%| E|CS|TAMS 0x00000000ec200000, 0x00000000ec200000| Complete 
| 195|0x00000000ec300000, 0x00000000ec400000, 0x00000000ec400000|100%| E|CS|TAMS 0x00000000ec300000, 0x00000000ec300000| Complete 
| 196|0x00000000ec400000, 0x00000000ec500000, 0x00000000ec500000|100%| E|CS|TAMS 0x00000000ec400000, 0x00000000ec400000| Complete 
| 197|0x00000000ec500000, 0x00000000ec600000, 0x00000000ec600000|100%| E|CS|TAMS 0x00000000ec500000, 0x00000000ec500000| Complete 
| 198|0x00000000ec600000, 0x00000000ec700000, 0x00000000ec700000|100%| E|CS|TAMS 0x00000000ec600000, 0x00000000ec600000| Complete 
| 199|0x00000000ec700000, 0x00000000ec800000, 0x00000000ec800000|100%| E|CS|TAMS 0x00000000ec700000, 0x00000000ec700000| Complete 
| 200|0x00000000ec800000, 0x00000000ec900000, 0x00000000ec900000|100%| E|CS|TAMS 0x00000000ec800000, 0x00000000ec800000| Complete 
| 201|0x00000000ec900000, 0x00000000eca00000, 0x00000000eca00000|100%| E|CS|TAMS 0x00000000ec900000, 0x00000000ec900000| Complete 
| 202|0x00000000eca00000, 0x00000000ecb00000, 0x00000000ecb00000|100%| E|CS|TAMS 0x00000000eca00000, 0x00000000eca00000| Complete 
| 203|0x00000000ecb00000, 0x00000000ecc00000, 0x00000000ecc00000|100%| E|CS|TAMS 0x00000000ecb00000, 0x00000000ecb00000| Complete 
| 204|0x00000000ecc00000, 0x00000000ecd00000, 0x00000000ecd00000|100%| E|CS|TAMS 0x00000000ecc00000, 0x00000000ecc00000| Complete 
| 205|0x00000000ecd00000, 0x00000000ece00000, 0x00000000ece00000|100%| E|CS|TAMS 0x00000000ecd00000, 0x00000000ecd00000| Complete 
| 206|0x00000000ece00000, 0x00000000ecf00000, 0x00000000ecf00000|100%| E|CS|TAMS 0x00000000ece00000, 0x00000000ece00000| Complete 
| 207|0x00000000ecf00000, 0x00000000ed000000, 0x00000000ed000000|100%| E|CS|TAMS 0x00000000ecf00000, 0x00000000ecf00000| Complete 
| 208|0x00000000ed000000, 0x00000000ed100000, 0x00000000ed100000|100%| E|CS|TAMS 0x00000000ed000000, 0x00000000ed000000| Complete 
| 209|0x00000000ed100000, 0x00000000ed200000, 0x00000000ed200000|100%| E|CS|TAMS 0x00000000ed100000, 0x00000000ed100000| Complete 
| 210|0x00000000ed200000, 0x00000000ed300000, 0x00000000ed300000|100%| E|CS|TAMS 0x00000000ed200000, 0x00000000ed200000| Complete 
| 211|0x00000000ed300000, 0x00000000ed400000, 0x00000000ed400000|100%| E|CS|TAMS 0x00000000ed300000, 0x00000000ed300000| Complete 
| 212|0x00000000ed400000, 0x00000000ed500000, 0x00000000ed500000|100%| E|CS|TAMS 0x00000000ed400000, 0x00000000ed400000| Complete 
| 213|0x00000000ed500000, 0x00000000ed600000, 0x00000000ed600000|100%| E|CS|TAMS 0x00000000ed500000, 0x00000000ed500000| Complete 
| 214|0x00000000ed600000, 0x00000000ed700000, 0x00000000ed700000|100%| E|CS|TAMS 0x00000000ed600000, 0x00000000ed600000| Complete 
| 215|0x00000000ed700000, 0x00000000ed800000, 0x00000000ed800000|100%| E|CS|TAMS 0x00000000ed700000, 0x00000000ed700000| Complete 
| 216|0x00000000ed800000, 0x00000000ed900000, 0x00000000ed900000|100%| E|CS|TAMS 0x00000000ed800000, 0x00000000ed800000| Complete 
| 217|0x00000000ed900000, 0x00000000eda00000, 0x00000000eda00000|100%| E|CS|TAMS 0x00000000ed900000, 0x00000000ed900000| Complete 
| 218|0x00000000eda00000, 0x00000000edb00000, 0x00000000edb00000|100%| E|CS|TAMS 0x00000000eda00000, 0x00000000eda00000| Complete 
| 219|0x00000000edb00000, 0x00000000edc00000, 0x00000000edc00000|100%| E|CS|TAMS 0x00000000edb00000, 0x00000000edb00000| Complete 
| 220|0x00000000edc00000, 0x00000000edd00000, 0x00000000edd00000|100%| E|CS|TAMS 0x00000000edc00000, 0x00000000edc00000| Complete 
| 221|0x00000000edd00000, 0x00000000ede00000, 0x00000000ede00000|100%| E|CS|TAMS 0x00000000edd00000, 0x00000000edd00000| Complete 
| 222|0x00000000ede00000, 0x00000000edf00000, 0x00000000edf00000|100%| E|CS|TAMS 0x00000000ede00000, 0x00000000ede00000| Complete 
| 223|0x00000000edf00000, 0x00000000ee000000, 0x00000000ee000000|100%| E|CS|TAMS 0x00000000edf00000, 0x00000000edf00000| Complete 
| 224|0x00000000ee000000, 0x00000000ee100000, 0x00000000ee100000|100%| E|CS|TAMS 0x00000000ee000000, 0x00000000ee000000| Complete 
| 225|0x00000000ee100000, 0x00000000ee200000, 0x00000000ee200000|100%| E|CS|TAMS 0x00000000ee100000, 0x00000000ee100000| Complete 
| 226|0x00000000ee200000, 0x00000000ee300000, 0x00000000ee300000|100%| E|CS|TAMS 0x00000000ee200000, 0x00000000ee200000| Complete 
| 227|0x00000000ee300000, 0x00000000ee400000, 0x00000000ee400000|100%| E|CS|TAMS 0x00000000ee300000, 0x00000000ee300000| Complete 
| 228|0x00000000ee400000, 0x00000000ee500000, 0x00000000ee500000|100%| E|CS|TAMS 0x00000000ee400000, 0x00000000ee400000| Complete 
| 229|0x00000000ee500000, 0x00000000ee600000, 0x00000000ee600000|100%| E|CS|TAMS 0x00000000ee500000, 0x00000000ee500000| Complete 
| 230|0x00000000ee600000, 0x00000000ee700000, 0x00000000ee700000|100%| E|CS|TAMS 0x00000000ee600000, 0x00000000ee600000| Complete 
| 231|0x00000000ee700000, 0x00000000ee800000, 0x00000000ee800000|100%| E|CS|TAMS 0x00000000ee700000, 0x00000000ee700000| Complete 
| 232|0x00000000ee800000, 0x00000000ee900000, 0x00000000ee900000|100%| E|CS|TAMS 0x00000000ee800000, 0x00000000ee800000| Complete 
| 233|0x00000000ee900000, 0x00000000eea00000, 0x00000000eea00000|100%| E|CS|TAMS 0x00000000ee900000, 0x00000000ee900000| Complete 
| 234|0x00000000eea00000, 0x00000000eeb00000, 0x00000000eeb00000|100%| E|CS|TAMS 0x00000000eea00000, 0x00000000eea00000| Complete 
| 235|0x00000000eeb00000, 0x00000000eec00000, 0x00000000eec00000|100%| E|CS|TAMS 0x00000000eeb00000, 0x00000000eeb00000| Complete 
| 236|0x00000000eec00000, 0x00000000eed00000, 0x00000000eed00000|100%| E|CS|TAMS 0x00000000eec00000, 0x00000000eec00000| Complete 
| 237|0x00000000eed00000, 0x00000000eee00000, 0x00000000eee00000|100%| E|CS|TAMS 0x00000000eed00000, 0x00000000eed00000| Complete 
| 238|0x00000000eee00000, 0x00000000eef00000, 0x00000000eef00000|100%| E|CS|TAMS 0x00000000eee00000, 0x00000000eee00000| Complete 
| 239|0x00000000eef00000, 0x00000000ef000000, 0x00000000ef000000|100%| E|CS|TAMS 0x00000000eef00000, 0x00000000eef00000| Complete 
| 240|0x00000000ef000000, 0x00000000ef100000, 0x00000000ef100000|100%| E|CS|TAMS 0x00000000ef000000, 0x00000000ef000000| Complete 
| 241|0x00000000ef100000, 0x00000000ef200000, 0x00000000ef200000|100%| E|CS|TAMS 0x00000000ef100000, 0x00000000ef100000| Complete 
| 242|0x00000000ef200000, 0x00000000ef300000, 0x00000000ef300000|100%| E|CS|TAMS 0x00000000ef200000, 0x00000000ef200000| Complete 
| 243|0x00000000ef300000, 0x00000000ef400000, 0x00000000ef400000|100%| E|CS|TAMS 0x00000000ef300000, 0x00000000ef300000| Complete 
| 244|0x00000000ef400000, 0x00000000ef500000, 0x00000000ef500000|100%| E|CS|TAMS 0x00000000ef400000, 0x00000000ef400000| Complete 
| 245|0x00000000ef500000, 0x00000000ef600000, 0x00000000ef600000|100%| E|CS|TAMS 0x00000000ef500000, 0x00000000ef500000| Complete 
| 246|0x00000000ef600000, 0x00000000ef700000, 0x00000000ef700000|100%| E|CS|TAMS 0x00000000ef600000, 0x00000000ef600000| Complete 
| 247|0x00000000ef700000, 0x00000000ef800000, 0x00000000ef800000|100%| E|CS|TAMS 0x00000000ef700000, 0x00000000ef700000| Complete 
| 248|0x00000000ef800000, 0x00000000ef900000, 0x00000000ef900000|100%| E|CS|TAMS 0x00000000ef800000, 0x00000000ef800000| Complete 
| 249|0x00000000ef900000, 0x00000000efa00000, 0x00000000efa00000|100%| E|CS|TAMS 0x00000000ef900000, 0x00000000ef900000| Complete 
| 250|0x00000000efa00000, 0x00000000efb00000, 0x00000000efb00000|100%| E|CS|TAMS 0x00000000efa00000, 0x00000000efa00000| Complete 
| 251|0x00000000efb00000, 0x00000000efc00000, 0x00000000efc00000|100%| E|CS|TAMS 0x00000000efb00000, 0x00000000efb00000| Complete 
| 252|0x00000000efc00000, 0x00000000efd00000, 0x00000000efd00000|100%| E|CS|TAMS 0x00000000efc00000, 0x00000000efc00000| Complete 
| 253|0x00000000efd00000, 0x00000000efe00000, 0x00000000efe00000|100%| E|CS|TAMS 0x00000000efd00000, 0x00000000efd00000| Complete 
| 254|0x00000000efe00000, 0x00000000eff00000, 0x00000000eff00000|100%| E|CS|TAMS 0x00000000efe00000, 0x00000000efe00000| Complete 
| 255|0x00000000eff00000, 0x00000000f0000000, 0x00000000f0000000|100%| E|CS|TAMS 0x00000000eff00000, 0x00000000eff00000| Complete 

Card table byte_map: [0x0000022a21ea0000,0x0000022a21fa0000] _byte_map_base: 0x0000022a217a0000

Marking Bits (Prev, Next): (CMBitMap*) 0x0000022a0affe6b0, (CMBitMap*) 0x0000022a0affe6f0
 Prev Bits: [0x0000022a220a0000, 0x0000022a228a0000)
 Next Bits: [0x0000022a228a0000, 0x0000022a230a0000)

Polling page: 0x0000022a08f20000

Metaspace:

Usage:
  Non-class:     37.21 MB used.
      Class:      5.95 MB used.
       Both:     43.17 MB used.

Virtual space:
  Non-class space:       40.00 MB reserved,      37.44 MB ( 94%) committed,  5 nodes.
      Class space:      308.00 MB reserved,       6.12 MB (  2%) committed,  1 nodes.
             Both:      348.00 MB reserved,      43.56 MB ( 13%) committed. 

Chunk freelists:
   Non-Class:  2.53 MB
       Class:  1.88 MB
        Both:  4.41 MB

MaxMetaspaceSize: 384.00 MB
CompressedClassSpaceSize: 308.00 MB
Initial GC threshold: 21.00 MB
Current GC threshold: 59.69 MB
CDS: on
MetaspaceReclaimPolicy: balanced
 - commit_granule_bytes: 65536.
 - commit_granule_words: 8192.
 - virtual_space_node_default_size: 1048576.
 - enlarge_chunks_in_place: 1.
 - new_chunks_are_fully_committed: 0.
 - uncommit_free_chunks: 1.
 - use_allocation_guard: 0.
 - handle_deallocations: 1.


Internal statistics:

num_allocs_failed_limit: 12.
num_arena_births: 448.
num_arena_deaths: 0.
num_vsnodes_births: 6.
num_vsnodes_deaths: 0.
num_space_committed: 697.
num_space_uncommitted: 0.
num_chunks_returned_to_freelist: 12.
num_chunks_taken_from_freelist: 2076.
num_chunk_merges: 9.
num_chunk_splits: 1418.
num_chunks_enlarged: 1008.
num_purges: 0.
num_inconsistent_stats: 0.

CodeHeap 'non-profiled nmethods': size=120000Kb used=4084Kb max_used=4084Kb free=115915Kb
 bounds [0x0000022a1a320000, 0x0000022a1a720000, 0x0000022a21850000]
CodeHeap 'profiled nmethods': size=120000Kb used=10038Kb max_used=10833Kb free=109961Kb
 bounds [0x0000022a12850000, 0x0000022a13300000, 0x0000022a19d80000]
CodeHeap 'non-nmethods': size=5760Kb used=2317Kb max_used=2381Kb free=3442Kb
 bounds [0x0000022a19d80000, 0x0000022a19ff0000, 0x0000022a1a320000]
 total_blobs=6229 nmethods=5397 adapters=744
 compilation: enabled
              stopped_count=0, restarted_count=0
 full_count=0

Compilation events (20 events):
Event: 16.609 Thread 0x0000022a25cf5520 6826  s    2       java.io.ByteArrayOutputStream::toByteArray (12 bytes)
Event: 16.610 Thread 0x0000022a25cf5520 nmethod 6826 0x0000022a12f20990 code [0x0000022a12f20b40, 0x0000022a12f20d08]
Event: 16.618 Thread 0x0000022a25cf5520 6827       2       java.util.GregorianCalendar::getWeekNumber (89 bytes)
Event: 16.619 Thread 0x0000022a25cf5520 nmethod 6827 0x0000022a12916010 code [0x0000022a129161c0, 0x0000022a12916408]
Event: 16.619 Thread 0x0000022a25cf5520 6828       2       sun.util.calendar.AbstractCalendar::getDayOfWeekDateOnOrBefore (31 bytes)
Event: 16.620 Thread 0x0000022a25cf5520 nmethod 6828 0x0000022a12915c10 code [0x0000022a12915dc0, 0x0000022a12915f68]
Event: 16.631 Thread 0x0000022a25cf5520 6829       2       org.objectweb.asm.tree.MethodNode::visitParameterAnnotation (106 bytes)
Event: 16.631 Thread 0x0000022a25cf5520 nmethod 6829 0x0000022a12caa090 code [0x0000022a12caa2e0, 0x0000022a12caac78]
Event: 16.703 Thread 0x0000022a25cf4760 nmethod 6758 0x0000022a1a705810 code [0x0000022a1a705d00, 0x0000022a1a70b350]
Event: 16.704 Thread 0x0000022a25cf4760 6830 %     4       org.objectweb.asm.ClassReader::readCode @ 4683 (5117 bytes)
Event: 16.719 Thread 0x0000022a25cf5520 6831       3       org.objectweb.asm.tree.MethodNode::visitFrame (47 bytes)
Event: 16.720 Thread 0x0000022a25cf5520 nmethod 6831 0x0000022a12870e10 code [0x0000022a12870fe0, 0x0000022a12871358]
Event: 16.720 Thread 0x0000022a25cf5520 6832       3       org.objectweb.asm.tree.FrameNode::<init> (119 bytes)
Event: 16.722 Thread 0x0000022a25cf5520 nmethod 6832 0x0000022a12870010 code [0x0000022a12870240, 0x0000022a12870998]
Event: 16.746 Thread 0x0000022a25cf4760 nmethod 6830% 0x0000022a1a70f090 code [0x0000022a1a70f2c0, 0x0000022a1a7101e0]
Event: 16.746 Thread 0x0000022a25cf4760 6797       4       org.objectweb.asm.ClassReader::accept (1412 bytes)
Event: 16.775 Thread 0x0000022a297c8c50 nmethod 6541 0x0000022a1a711290 code [0x0000022a1a7118c0, 0x0000022a1a718e18]
Event: 16.775 Thread 0x0000022a297c8c50 6833 %     4       org.objectweb.asm.ClassReader::readCode @ 1561 (5117 bytes)
Event: 16.903 Thread 0x0000022a25cf5520 6837       3       org.objectweb.asm.tree.MethodNode::visitLineNumber (21 bytes)
Event: 16.904 Thread 0x0000022a25cf5520 nmethod 6837 0x0000022a12aadb90 code [0x0000022a12aadd80, 0x0000022a12aae548]

GC Heap History (20 events):
Event: 9.526 GC heap before
{Heap before GC invocations=10 (full 0):
 garbage-first heap   total 262144K, used 206942K [0x00000000e0000000, 0x0000000100000000)
  region size 1024K, 153 young (156672K), 9 survivors (9216K)
 Metaspace       used 43589K, committed 43968K, reserved 356352K
  class space    used 6043K, committed 6208K, reserved 315392K
}
Event: 9.531 GC heap after
{Heap after GC invocations=11 (full 0):
 garbage-first heap   total 262144K, used 52253K [0x00000000e0000000, 0x0000000100000000)
  region size 1024K, 7 young (7168K), 7 survivors (7168K)
 Metaspace       used 43589K, committed 43968K, reserved 356352K
  class space    used 6043K, committed 6208K, reserved 315392K
}
Event: 10.144 GC heap before
{Heap before GC invocations=11 (full 0):
 garbage-first heap   total 262144K, used 201757K [0x00000000e0000000, 0x0000000100000000)
  region size 1024K, 153 young (156672K), 7 survivors (7168K)
 Metaspace       used 43609K, committed 44032K, reserved 356352K
  class space    used 6044K, committed 6208K, reserved 315392K
}
Event: 10.154 GC heap after
{Heap after GC invocations=12 (full 0):
 garbage-first heap   total 262144K, used 53003K [0x00000000e0000000, 0x0000000100000000)
  region size 1024K, 7 young (7168K), 7 survivors (7168K)
 Metaspace       used 43609K, committed 44032K, reserved 356352K
  class space    used 6044K, committed 6208K, reserved 315392K
}
Event: 11.043 GC heap before
{Heap before GC invocations=12 (full 0):
 garbage-first heap   total 262144K, used 202507K [0x00000000e0000000, 0x0000000100000000)
  region size 1024K, 153 young (156672K), 7 survivors (7168K)
 Metaspace       used 43652K, committed 44032K, reserved 356352K
  class space    used 6044K, committed 6208K, reserved 315392K
}
Event: 11.052 GC heap after
{Heap after GC invocations=13 (full 0):
 garbage-first heap   total 262144K, used 54276K [0x00000000e0000000, 0x0000000100000000)
  region size 1024K, 9 young (9216K), 9 survivors (9216K)
 Metaspace       used 43652K, committed 44032K, reserved 356352K
  class space    used 6044K, committed 6208K, reserved 315392K
}
Event: 12.532 GC heap before
{Heap before GC invocations=13 (full 0):
 garbage-first heap   total 262144K, used 201732K [0x00000000e0000000, 0x0000000100000000)
  region size 1024K, 153 young (156672K), 9 survivors (9216K)
 Metaspace       used 43721K, committed 44224K, reserved 356352K
  class space    used 6052K, committed 6272K, reserved 315392K
}
Event: 12.537 GC heap after
{Heap after GC invocations=14 (full 0):
 garbage-first heap   total 262144K, used 55194K [0x00000000e0000000, 0x0000000100000000)
  region size 1024K, 10 young (10240K), 10 survivors (10240K)
 Metaspace       used 43721K, committed 44224K, reserved 356352K
  class space    used 6052K, committed 6272K, reserved 315392K
}
Event: 13.533 GC heap before
{Heap before GC invocations=14 (full 0):
 garbage-first heap   total 262144K, used 200602K [0x00000000e0000000, 0x0000000100000000)
  region size 1024K, 153 young (156672K), 10 survivors (10240K)
 Metaspace       used 43729K, committed 44224K, reserved 356352K
  class space    used 6052K, committed 6272K, reserved 315392K
}
Event: 13.540 GC heap after
{Heap after GC invocations=15 (full 0):
 garbage-first heap   total 262144K, used 58441K [0x00000000e0000000, 0x0000000100000000)
  region size 1024K, 13 young (13312K), 13 survivors (13312K)
 Metaspace       used 43729K, committed 44224K, reserved 356352K
  class space    used 6052K, committed 6272K, reserved 315392K
}
Event: 13.769 GC heap before
{Heap before GC invocations=15 (full 0):
 garbage-first heap   total 262144K, used 201801K [0x00000000e0000000, 0x0000000100000000)
  region size 1024K, 153 young (156672K), 13 survivors (13312K)
 Metaspace       used 43731K, committed 44224K, reserved 356352K
  class space    used 6052K, committed 6272K, reserved 315392K
}
Event: 13.778 GC heap after
{Heap after GC invocations=16 (full 0):
 garbage-first heap   total 262144K, used 58266K [0x00000000e0000000, 0x0000000100000000)
  region size 1024K, 8 young (8192K), 8 survivors (8192K)
 Metaspace       used 43731K, committed 44224K, reserved 356352K
  class space    used 6052K, committed 6272K, reserved 315392K
}
Event: 14.258 GC heap before
{Heap before GC invocations=16 (full 0):
 garbage-first heap   total 262144K, used 206746K [0x00000000e0000000, 0x0000000100000000)
  region size 1024K, 153 young (156672K), 8 survivors (8192K)
 Metaspace       used 43733K, committed 44224K, reserved 356352K
  class space    used 6052K, committed 6272K, reserved 315392K
}
Event: 14.264 GC heap after
{Heap after GC invocations=17 (full 0):
 garbage-first heap   total 262144K, used 58979K [0x00000000e0000000, 0x0000000100000000)
  region size 1024K, 9 young (9216K), 9 survivors (9216K)
 Metaspace       used 43733K, committed 44224K, reserved 356352K
  class space    used 6052K, committed 6272K, reserved 315392K
}
Event: 15.953 GC heap before
{Heap before GC invocations=17 (full 0):
 garbage-first heap   total 262144K, used 206435K [0x00000000e0000000, 0x0000000100000000)
  region size 1024K, 153 young (156672K), 9 survivors (9216K)
 Metaspace       used 43987K, committed 44416K, reserved 356352K
  class space    used 6066K, committed 6272K, reserved 315392K
}
Event: 15.957 GC heap after
{Heap after GC invocations=18 (full 0):
 garbage-first heap   total 262144K, used 50368K [0x00000000e0000000, 0x0000000100000000)
  region size 1024K, 3 young (3072K), 3 survivors (3072K)
 Metaspace       used 43987K, committed 44416K, reserved 356352K
  class space    used 6066K, committed 6272K, reserved 315392K
}
Event: 16.525 GC heap before
{Heap before GC invocations=18 (full 0):
 garbage-first heap   total 262144K, used 206016K [0x00000000e0000000, 0x0000000100000000)
  region size 1024K, 153 young (156672K), 3 survivors (3072K)
 Metaspace       used 44199K, committed 44608K, reserved 356352K
  class space    used 6095K, committed 6272K, reserved 315392K
}
Event: 16.531 GC heap after
{Heap after GC invocations=19 (full 0):
 garbage-first heap   total 262144K, used 56361K [0x00000000e0000000, 0x0000000100000000)
  region size 1024K, 6 young (6144K), 6 survivors (6144K)
 Metaspace       used 44199K, committed 44608K, reserved 356352K
  class space    used 6095K, committed 6272K, reserved 315392K
}
Event: 16.909 GC heap before
{Heap before GC invocations=19 (full 0):
 garbage-first heap   total 262144K, used 205865K [0x00000000e0000000, 0x0000000100000000)
  region size 1024K, 153 young (156672K), 6 survivors (6144K)
 Metaspace       used 44202K, committed 44608K, reserved 356352K
  class space    used 6095K, committed 6272K, reserved 315392K
}
Event: 16.913 GC heap after
{Heap after GC invocations=20 (full 0):
 garbage-first heap   total 262144K, used 57923K [0x00000000e0000000, 0x0000000100000000)
  region size 1024K, 8 young (8192K), 8 survivors (8192K)
 Metaspace       used 44202K, committed 44608K, reserved 356352K
  class space    used 6095K, committed 6272K, reserved 315392K
}

Deoptimization events (20 events):
Event: 16.456 Thread 0x0000022a281a2ef0 DEOPT PACKING pc=0x0000022a12b7055c sp=0x000000e7a37fe6a0
Event: 16.456 Thread 0x0000022a281a2ef0 DEOPT UNPACKING pc=0x0000022a19dd2b43 sp=0x000000e7a37fdc20 mode 0
Event: 16.502 Thread 0x0000022a281a0d40 Uncommon trap: trap_request=0xffffff45 fr.pc=0x0000022a1a5c8a34 relative=0x0000000000006814
Event: 16.502 Thread 0x0000022a281a0d40 Uncommon trap: reason=unstable_if action=reinterpret pc=0x0000022a1a5c8a34 method=org.gradle.internal.classpath.InstrumentingTransformer$InstrumentingMethodVisitor.visitMethodInsn(ILjava/lang/String;Ljava/lang/String;Ljava/lang/String;Z)V @ 15 c2
Event: 16.502 Thread 0x0000022a281a0d40 DEOPT PACKING pc=0x0000022a1a5c8a34 sp=0x000000e7a21fe200
Event: 16.502 Thread 0x0000022a281a0d40 DEOPT UNPACKING pc=0x0000022a19dd23a3 sp=0x000000e7a21fe100 mode 2
Event: 16.520 Thread 0x0000022a281a0d40 Uncommon trap: trap_request=0xffffff45 fr.pc=0x0000022a1a530478 relative=0x0000000000000258
Event: 16.520 Thread 0x0000022a281a0d40 Uncommon trap: reason=unstable_if action=reinterpret pc=0x0000022a1a530478 method=org.objectweb.asm.Label.addLineNumber(I)V @ 65 c2
Event: 16.520 Thread 0x0000022a281a0d40 DEOPT PACKING pc=0x0000022a1a530478 sp=0x000000e7a21fe160
Event: 16.520 Thread 0x0000022a281a0d40 DEOPT UNPACKING pc=0x0000022a19dd23a3 sp=0x000000e7a21fe118 mode 2
Event: 16.832 Thread 0x0000022a281a1bb0 DEOPT PACKING pc=0x0000022a132f6706 sp=0x000000e7a31fe140
Event: 16.832 Thread 0x0000022a281a1bb0 DEOPT UNPACKING pc=0x0000022a19dd2b43 sp=0x000000e7a31fd850 mode 0
Event: 16.901 Thread 0x0000022a281a2ef0 DEOPT PACKING pc=0x0000022a132f6706 sp=0x000000e7a37fdd50
Event: 16.901 Thread 0x0000022a281a2ef0 DEOPT UNPACKING pc=0x0000022a19dd2b43 sp=0x000000e7a37fd460 mode 0
Event: 16.907 Thread 0x0000022a281a1bb0 DEOPT PACKING pc=0x0000022a132f6706 sp=0x000000e7a31fe140
Event: 16.907 Thread 0x0000022a281a1bb0 DEOPT UNPACKING pc=0x0000022a19dd2b43 sp=0x000000e7a31fd850 mode 0
Event: 16.937 Thread 0x0000022a281a1bb0 DEOPT PACKING pc=0x0000022a132f6706 sp=0x000000e7a31fe140
Event: 16.937 Thread 0x0000022a281a1bb0 DEOPT UNPACKING pc=0x0000022a19dd2b43 sp=0x000000e7a31fd850 mode 0
Event: 16.946 Thread 0x0000022a281a2ef0 DEOPT PACKING pc=0x0000022a132f6706 sp=0x000000e7a37fdd50
Event: 16.946 Thread 0x0000022a281a2ef0 DEOPT UNPACKING pc=0x0000022a19dd2b43 sp=0x000000e7a37fd460 mode 0

Classes unloaded (0 events):
No events

Classes redefined (0 events):
No events

Internal exceptions (20 events):
Event: 16.482 Thread 0x0000022a281a33c0 Exception <a 'sun/nio/fs/WindowsException'{0x00000000ea787e80}> (0x00000000ea787e80) 
thrown [s\open\src\hotspot\share\prims\jni.cpp, line 516]
Event: 16.488 Thread 0x0000022a281a33c0 Exception <a 'sun/nio/fs/WindowsException'{0x00000000e8a01800}> (0x00000000e8a01800) 
thrown [s\open\src\hotspot\share\prims\jni.cpp, line 516]
Event: 16.489 Thread 0x0000022a281a0d40 Exception <a 'sun/nio/fs/WindowsException'{0x00000000e9b105a8}> (0x00000000e9b105a8) 
thrown [s\open\src\hotspot\share\prims\jni.cpp, line 516]
Event: 16.489 Thread 0x0000022a281a3d60 Exception <a 'sun/nio/fs/WindowsException'{0x00000000e9ac9630}> (0x00000000e9ac9630) 
thrown [s\open\src\hotspot\share\prims\jni.cpp, line 516]
Event: 16.494 Thread 0x0000022a281a4bd0 Exception <a 'sun/nio/fs/WindowsException'{0x00000000e9589ba8}> (0x00000000e9589ba8) 
thrown [s\open\src\hotspot\share\prims\jni.cpp, line 516]
Event: 16.494 Thread 0x0000022a281a33c0 Exception <a 'sun/nio/fs/WindowsException'{0x00000000e8a019a0}> (0x00000000e8a019a0) 
thrown [s\open\src\hotspot\share\prims\jni.cpp, line 516]
Event: 16.498 Thread 0x0000022a281a2080 Exception <a 'sun/nio/fs/WindowsException'{0x00000000ea97f550}> (0x00000000ea97f550) 
thrown [s\open\src\hotspot\share\prims\jni.cpp, line 516]
Event: 16.498 Thread 0x0000022a281a2a20 Exception <a 'sun/nio/fs/WindowsException'{0x00000000ea9ff8e8}> (0x00000000ea9ff8e8) 
thrown [s\open\src\hotspot\share\prims\jni.cpp, line 516]
Event: 16.499 Thread 0x0000022a281a2080 Exception <a 'sun/nio/fs/WindowsException'{0x00000000e834b650}> (0x00000000e834b650) 
thrown [s\open\src\hotspot\share\prims\jni.cpp, line 516]
Event: 16.500 Thread 0x0000022a281a2080 Exception <a 'sun/nio/fs/WindowsException'{0x00000000e834b808}> (0x00000000e834b808) 
thrown [s\open\src\hotspot\share\prims\jni.cpp, line 516]
Event: 16.500 Thread 0x0000022a281a2a20 Exception <a 'sun/nio/fs/WindowsException'{0x00000000e83baac0}> (0x00000000e83baac0) 
thrown [s\open\src\hotspot\share\prims\jni.cpp, line 516]
Event: 16.501 Thread 0x0000022a281a2a20 Exception <a 'sun/nio/fs/WindowsException'{0x00000000e83bac78}> (0x00000000e83bac78) 
thrown [s\open\src\hotspot\share\prims\jni.cpp, line 516]
Event: 16.520 Thread 0x0000022a281a4bd0 Exception <a 'sun/nio/fs/WindowsException'{0x00000000e6b4aa08}> (0x00000000e6b4aa08) 
thrown [s\open\src\hotspot\share\prims\jni.cpp, line 516]
Event: 16.521 Thread 0x0000022a281a4bd0 Exception <a 'sun/nio/fs/WindowsException'{0x00000000e6b4abd0}> (0x00000000e6b4abd0) 
thrown [s\open\src\hotspot\share\prims\jni.cpp, line 516]
Event: 16.543 Thread 0x0000022a281a1bb0 Exception <a 'sun/nio/fs/WindowsException'{0x00000000efe81c80}> (0x00000000efe81c80) 
thrown [s\open\src\hotspot\share\prims\jni.cpp, line 516]
Event: 16.614 Thread 0x0000022a281a2ef0 Exception <a 'sun/nio/fs/WindowsException'{0x00000000ed6357d0}> (0x00000000ed6357d0) 
thrown [s\open\src\hotspot\share\prims\jni.cpp, line 516]
Event: 16.617 Thread 0x0000022a281a0d40 Exception <a 'sun/nio/fs/WindowsException'{0x00000000ed086128}> (0x00000000ed086128) 
thrown [s\open\src\hotspot\share\prims\jni.cpp, line 516]
Event: 16.618 Thread 0x0000022a281a0d40 Exception <a 'sun/nio/fs/WindowsException'{0x00000000ed0862f0}> (0x00000000ed0862f0) 
thrown [s\open\src\hotspot\share\prims\jni.cpp, line 516]
Event: 16.953 Thread 0x0000022a281a2ef0 Exception <a 'sun/nio/fs/WindowsException'{0x00000000ee68edc8}> (0x00000000ee68edc8) 
thrown [s\open\src\hotspot\share\prims\jni.cpp, line 516]
Event: 16.954 Thread 0x0000022a281a2ef0 Exception <a 'sun/nio/fs/WindowsException'{0x00000000ee68ef40}> (0x00000000ee68ef40) 
thrown [s\open\src\hotspot\share\prims\jni.cpp, line 516]

VM Operations (20 events):
Event: 13.611 Executing VM operation: HandshakeAllThreads
Event: 13.612 Executing VM operation: HandshakeAllThreads done
Event: 13.637 Executing VM operation: HandshakeAllThreads
Event: 13.637 Executing VM operation: HandshakeAllThreads done
Event: 13.698 Executing VM operation: HandshakeAllThreads
Event: 13.698 Executing VM operation: HandshakeAllThreads done
Event: 13.769 Executing VM operation: G1CollectForAllocation
Event: 13.778 Executing VM operation: G1CollectForAllocation done
Event: 14.258 Executing VM operation: G1CollectForAllocation
Event: 14.264 Executing VM operation: G1CollectForAllocation done
Event: 15.278 Executing VM operation: Cleanup
Event: 15.278 Executing VM operation: Cleanup done
Event: 15.736 Executing VM operation: ICBufferFull
Event: 15.736 Executing VM operation: ICBufferFull done
Event: 15.953 Executing VM operation: G1CollectForAllocation
Event: 15.957 Executing VM operation: G1CollectForAllocation done
Event: 16.525 Executing VM operation: G1CollectForAllocation
Event: 16.531 Executing VM operation: G1CollectForAllocation done
Event: 16.908 Executing VM operation: G1CollectForAllocation
Event: 16.913 Executing VM operation: G1CollectForAllocation done

Events (20 events):
Event: 13.707 Thread 0x0000022a25cf7e30 flushing nmethod 0x0000022a131a1e10
Event: 13.707 Thread 0x0000022a25cf7e30 flushing nmethod 0x0000022a131b3410
Event: 13.707 Thread 0x0000022a25cf7e30 flushing nmethod 0x0000022a131bf310
Event: 13.707 Thread 0x0000022a25cf7e30 flushing nmethod 0x0000022a131bff90
Event: 13.707 Thread 0x0000022a25cf7e30 flushing nmethod 0x0000022a131c1e90
Event: 13.707 Thread 0x0000022a25cf7e30 flushing nmethod 0x0000022a131c2210
Event: 13.707 Thread 0x0000022a25cf7e30 flushing nmethod 0x0000022a131dc590
Event: 13.707 Thread 0x0000022a25cf7e30 flushing nmethod 0x0000022a131fce90
Event: 13.707 Thread 0x0000022a25cf7e30 flushing nmethod 0x0000022a131ffe90
Event: 13.707 Thread 0x0000022a25cf7e30 flushing nmethod 0x0000022a13200e10
Event: 13.707 Thread 0x0000022a25cf7e30 flushing nmethod 0x0000022a13201590
Event: 13.707 Thread 0x0000022a25cf7e30 flushing nmethod 0x0000022a13201d90
Event: 13.707 Thread 0x0000022a25cf7e30 flushing nmethod 0x0000022a13202210
Event: 13.707 Thread 0x0000022a25cf7e30 flushing nmethod 0x0000022a1320d510
Event: 13.707 Thread 0x0000022a25cf7e30 flushing nmethod 0x0000022a1321d610
Event: 13.707 Thread 0x0000022a25cf7e30 flushing nmethod 0x0000022a13226590
Event: 13.707 Thread 0x0000022a25cf7e30 flushing nmethod 0x0000022a13253590
Event: 13.707 Thread 0x0000022a25cf7e30 flushing nmethod 0x0000022a13254f10
Event: 13.707 Thread 0x0000022a25cf7e30 flushing nmethod 0x0000022a1325d590
Event: 13.707 Thread 0x0000022a25cf7e30 flushing nmethod 0x0000022a13279d90


Dynamic libraries:
0x00007ff780e80000 - 0x00007ff780e90000 	C:\Program Files\Java\jdk-17\bin\java.exe
0x00007ffb3ca10000 - 0x00007ffb3cc27000 	C:\WINDOWS\SYSTEM32\ntdll.dll
0x00007ffb3b8a0000 - 0x00007ffb3b964000 	C:\WINDOWS\System32\KERNEL32.DLL
0x00007ffb3a310000 - 0x00007ffb3a6b6000 	C:\WINDOWS\System32\KERNELBASE.dll
0x00007ffb39f00000 - 0x00007ffb3a011000 	C:\WINDOWS\System32\ucrtbase.dll
0x00007ffb368a0000 - 0x00007ffb368bb000 	C:\Program Files\Java\jdk-17\bin\VCRUNTIME140.dll
0x00007ffb368c0000 - 0x00007ffb368d9000 	C:\Program Files\Java\jdk-17\bin\jli.dll
0x00007ffb3c890000 - 0x00007ffb3c940000 	C:\WINDOWS\System32\ADVAPI32.dll
0x00007ffb3b7c0000 - 0x00007ffb3b867000 	C:\WINDOWS\System32\msvcrt.dll
0x00007ffb3c250000 - 0x00007ffb3c2f6000 	C:\WINDOWS\System32\sechost.dll
0x00007ffb3b220000 - 0x00007ffb3b337000 	C:\WINDOWS\System32\RPCRT4.dll
0x00007ffb3c0a0000 - 0x00007ffb3c24d000 	C:\WINDOWS\System32\USER32.dll
0x00007ffb3a740000 - 0x00007ffb3a766000 	C:\WINDOWS\System32\win32u.dll
0x00007ffb3b870000 - 0x00007ffb3b899000 	C:\WINDOWS\System32\GDI32.dll
0x00007ffb3a1f0000 - 0x00007ffb3a308000 	C:\WINDOWS\System32\gdi32full.dll
0x00007ffb3a020000 - 0x00007ffb3a0ba000 	C:\WINDOWS\System32\msvcp_win.dll
0x00007ffb2eb30000 - 0x00007ffb2eb3a000 	C:\WINDOWS\SYSTEM32\VERSION.dll
0x00007ffb300a0000 - 0x00007ffb30333000 	C:\WINDOWS\WinSxS\amd64_microsoft.windows.common-controls_6595b64144ccf1df_6.0.22621.2361_none_2712ced57382f843\COMCTL32.dll
0x00007ffb3a7d0000 - 0x00007ffb3a801000 	C:\WINDOWS\System32\IMM32.DLL
0x00007ffb36890000 - 0x00007ffb3689c000 	C:\Program Files\Java\jdk-17\bin\vcruntime140_1.dll
0x00007ffb2ae20000 - 0x00007ffb2aeae000 	C:\Program Files\Java\jdk-17\bin\msvcp140.dll
0x00007ffae5e90000 - 0x00007ffae6a6d000 	C:\Program Files\Java\jdk-17\bin\server\jvm.dll
0x00007ffb3be10000 - 0x00007ffb3be18000 	C:\WINDOWS\System32\PSAPI.DLL
0x00007ffb10050000 - 0x00007ffb10059000 	C:\WINDOWS\SYSTEM32\WSOCK32.dll
0x00007ffb31410000 - 0x00007ffb31444000 	C:\WINDOWS\SYSTEM32\WINMM.dll
0x00007ffb3c020000 - 0x00007ffb3c091000 	C:\WINDOWS\System32\WS2_32.dll
0x00007ffb38d30000 - 0x00007ffb38d48000 	C:\WINDOWS\SYSTEM32\kernel.appcore.dll
0x00007ffb34c00000 - 0x00007ffb34c0a000 	C:\Program Files\Java\jdk-17\bin\jimage.dll
0x00007ffb37400000 - 0x00007ffb3762e000 	C:\WINDOWS\SYSTEM32\DBGHELP.DLL
0x00007ffb3b9c0000 - 0x00007ffb3bd4a000 	C:\WINDOWS\System32\combase.dll
0x00007ffb3c750000 - 0x00007ffb3c827000 	C:\WINDOWS\System32\OLEAUT32.dll
0x00007ffb2de10000 - 0x00007ffb2de42000 	C:\WINDOWS\SYSTEM32\dbgcore.DLL
0x00007ffb3a6c0000 - 0x00007ffb3a73a000 	C:\WINDOWS\System32\bcryptPrimitives.dll
0x00007ffb34ba0000 - 0x00007ffb34bae000 	C:\Program Files\Java\jdk-17\bin\instrument.dll
0x00007ffb34b40000 - 0x00007ffb34b65000 	C:\Program Files\Java\jdk-17\bin\java.dll
0x00007ffb2a9b0000 - 0x00007ffb2aa87000 	C:\Program Files\Java\jdk-17\bin\jsvml.dll
0x00007ffb3a9b0000 - 0x00007ffb3b208000 	C:\WINDOWS\System32\SHELL32.dll
0x00007ffb37ca0000 - 0x00007ffb38592000 	C:\WINDOWS\SYSTEM32\windows.storage.dll
0x00007ffb37b60000 - 0x00007ffb37c9e000 	C:\WINDOWS\SYSTEM32\wintypes.dll
0x00007ffb3be20000 - 0x00007ffb3bf13000 	C:\WINDOWS\System32\SHCORE.dll
0x00007ffb3c830000 - 0x00007ffb3c88e000 	C:\WINDOWS\System32\shlwapi.dll
0x00007ffb39cc0000 - 0x00007ffb39ce6000 	C:\WINDOWS\SYSTEM32\profapi.dll
0x00007ffb34b80000 - 0x00007ffb34b98000 	C:\Program Files\Java\jdk-17\bin\zip.dll
0x00007ffb34b20000 - 0x00007ffb34b39000 	C:\Program Files\Java\jdk-17\bin\net.dll
0x00007ffb336d0000 - 0x00007ffb33807000 	C:\WINDOWS\SYSTEM32\WINHTTP.dll
0x00007ffb39200000 - 0x00007ffb39269000 	C:\WINDOWS\system32\mswsock.dll
0x00007ffb2de80000 - 0x00007ffb2de96000 	C:\Program Files\Java\jdk-17\bin\nio.dll
0x00007ffb34b10000 - 0x00007ffb34b20000 	C:\Program Files\Java\jdk-17\bin\verify.dll
0x00007ffb2a850000 - 0x00007ffb2a877000 	C:\Users\david\.gradle\native\c067742578af261105cb4f569cf0c3c89f3d7b1fecec35dd04571415982c5e48\windows-amd64\native-platform.dll
0x00007ffb16790000 - 0x00007ffb168d4000 	C:\Users\david\.gradle\native\38dada09dfb8b06ba9b0570ebf7e218e3eb74d4ef43ca46872605cf95ebc2f47\windows-amd64\native-platform-file-events.dll
0x00007ffb2de70000 - 0x00007ffb2de7a000 	C:\Program Files\Java\jdk-17\bin\management.dll
0x00007ffb2de60000 - 0x00007ffb2de6b000 	C:\Program Files\Java\jdk-17\bin\management_ext.dll
0x00007ffb39520000 - 0x00007ffb3953b000 	C:\WINDOWS\SYSTEM32\CRYPTSP.dll
0x00007ffb38cf0000 - 0x00007ffb38d25000 	C:\WINDOWS\system32\rsaenh.dll
0x00007ffb392a0000 - 0x00007ffb392cc000 	C:\WINDOWS\SYSTEM32\USERENV.dll
0x00007ffb39660000 - 0x00007ffb39688000 	C:\WINDOWS\SYSTEM32\bcrypt.dll
0x00007ffb39500000 - 0x00007ffb3950c000 	C:\WINDOWS\SYSTEM32\CRYPTBASE.dll
0x00007ffb38800000 - 0x00007ffb3882d000 	C:\WINDOWS\SYSTEM32\IPHLPAPI.DLL
0x00007ffb3c740000 - 0x00007ffb3c749000 	C:\WINDOWS\System32\NSI.dll
0x00007ffb31e40000 - 0x00007ffb31e59000 	C:\WINDOWS\SYSTEM32\dhcpcsvc6.DLL
0x00007ffb314f0000 - 0x00007ffb3150f000 	C:\WINDOWS\SYSTEM32\dhcpcsvc.DLL
0x00007ffb38870000 - 0x00007ffb38969000 	C:\WINDOWS\SYSTEM32\DNSAPI.dll
0x00007ffb2de50000 - 0x00007ffb2de5d000 	C:\Program Files\Java\jdk-17\bin\sunmscapi.dll
0x00007ffb39d90000 - 0x00007ffb39ef6000 	C:\WINDOWS\System32\CRYPT32.dll
0x00007ffb39630000 - 0x00007ffb3965d000 	C:\WINDOWS\SYSTEM32\ncrypt.dll
0x00007ffb395f0000 - 0x00007ffb39627000 	C:\WINDOWS\SYSTEM32\NTASN1.dll
0x00007ffb1db30000 - 0x00007ffb1db38000 	C:\WINDOWS\system32\wshunix.dll

dbghelp: loaded successfully - version: 4.0.5 - missing functions: none
symbol engine: initialized successfully - sym options: 0x614 - pdb path: .;C:\Program Files\Java\jdk-17\bin;C:\WINDOWS\SYSTEM32;C:\WINDOWS\WinSxS\amd64_microsoft.windows.common-controls_6595b64144ccf1df_6.0.22621.2361_none_2712ced57382f843;C:\Program Files\Java\jdk-17\bin\server;C:\Users\david\.gradle\native\c067742578af261105cb4f569cf0c3c89f3d7b1fecec35dd04571415982c5e48\windows-amd64;C:\Users\david\.gradle\native\38dada09dfb8b06ba9b0570ebf7e218e3eb74d4ef43ca46872605cf95ebc2f47\windows-amd64

VM Arguments:
jvm_args: --add-opens=java.base/java.util=ALL-UNNAMED --add-opens=java.base/java.lang=ALL-UNNAMED --add-opens=java.base/java.lang.invoke=ALL-UNNAMED --add-opens=java.prefs/java.util.prefs=ALL-UNNAMED --add-opens=java.base/java.nio.charset=ALL-UNNAMED --add-opens=java.base/java.net=ALL-UNNAMED --add-opens=java.base/java.util.concurrent.atomic=ALL-UNNAMED -XX:MaxMetaspaceSize=384m -XX:+HeapDumpOnOutOfMemoryError -Xms256m -Xmx512m -Dfile.encoding=windows-1252 -Duser.country=CO -Duser.language=es -Duser.variant -javaagent:C:\Users\david\.gradle\wrapper\dists\gradle-8.4-bin\1w5dpkrfk8irigvoxmyhowfim\gradle-8.4\lib\agents\gradle-instrumentation-agent-8.4.jar 
java_command: org.gradle.launcher.daemon.bootstrap.GradleDaemon 8.4
java_class_path (initial): C:\Users\david\.gradle\wrapper\dists\gradle-8.4-bin\1w5dpkrfk8irigvoxmyhowfim\gradle-8.4\lib\gradle-launcher-8.4.jar
Launcher Type: SUN_STANDARD

[Global flags]
     intx CICompilerCount                          = 4                                         {product} {ergonomic}
   size_t CompressedClassSpaceSize                 = 322961408                                 {product} {ergonomic}
     uint ConcGCThreads                            = 3                                         {product} {ergonomic}
     uint G1ConcRefinementThreads                  = 10                                        {product} {ergonomic}
   size_t G1HeapRegionSize                         = 1048576                                   {product} {ergonomic}
    uintx GCDrainStackTargetSize                   = 64                                        {product} {ergonomic}
     bool HeapDumpOnOutOfMemoryError               = true                                   {manageable} {command line}
   size_t InitialHeapSize                          = 268435456                                 {product} {command line}
   size_t MarkStackSize                            = 4194304                                   {product} {ergonomic}
   size_t MaxHeapSize                              = 536870912                                 {product} {command line}
   size_t MaxMetaspaceSize                         = 402653184                                 {product} {command line}
   size_t MaxNewSize                               = 321912832                                 {product} {ergonomic}
   size_t MinHeapDeltaBytes                        = 1048576                                   {product} {ergonomic}
   size_t MinHeapSize                              = 268435456                                 {product} {command line}
    uintx NonNMethodCodeHeapSize                   = 5839372                                {pd product} {ergonomic}
    uintx NonProfiledCodeHeapSize                  = 122909434                              {pd product} {ergonomic}
    uintx ProfiledCodeHeapSize                     = 122909434                              {pd product} {ergonomic}
    uintx ReservedCodeCacheSize                    = 251658240                              {pd product} {ergonomic}
     bool SegmentedCodeCache                       = true                                      {product} {ergonomic}
   size_t SoftMaxHeapSize                          = 536870912                              {manageable} {ergonomic}
     bool UseCompressedClassPointers               = true                           {product lp64_product} {ergonomic}
     bool UseCompressedOops                        = true                           {product lp64_product} {ergonomic}
     bool UseG1GC                                  = true                                      {product} {ergonomic}
     bool UseLargePagesIndividualAllocation        = false                                  {pd product} {ergonomic}

Logging:
Log output configuration:
 #0: stdout all=warning uptime,level,tags
 #1: stderr all=off uptime,level,tags

Environment Variables:
JAVA_HOME=C:\Program Files\Java\jdk-17
PATH=C:\Program Files\Common Files\Oracle\Java\javapath;C:\WINDOWS\system32;C:\WINDOWS;C:\WINDOWS\System32\Wbem;C:\WINDOWS\System32\WindowsPowerShell\v1.0\;C:\WINDOWS\System32\OpenSSH\;C:\Program Files\Docker\Docker\resources\bin;C:\Program Files\Git\cmd;C:\Program Files\Kube;C:\ProgramData\chocolatey\bin;C:\Program Files\nodejs\;C:\Program Files\Java\jdk-17\bin;C:\Program Files\apache-maven-3.9.3\bin;C:\Program Files\PowerShell\7\;C:\Users\david\AppData\Local\Microsoft\WindowsApps;C:\Users\david\AppData\Local\GitHubDesktop\bin;C:\Users\david\AppData\Local\Programs\Microsoft VS Code\bin;C:\Users\david\AppData\Roaming\npm;C:\Program Files (x86)\Brackets\;C:\Program Files\JetBrains\IntelliJ IDEA 2023.2.5\bin;
USERNAME=david
OS=Windows_NT
PROCESSOR_IDENTIFIER=Intel64 Family 6 Model 154 Stepping 4, GenuineIntel



---------------  S Y S T E M  ---------------

OS:
 Windows 11 , 64 bit Build 22621 (10.0.22621.2428)
OS uptime: 0 days 1:15 hours
Hyper-V role detected

CPU: total 12 (initial active 12) (6 cores per cpu, 2 threads per core) family 6 model 154 stepping 4 microcode 0x424, cx8, cmov, fxsr, ht, mmx, 3dnowpref, sse, sse2, sse3, ssse3, sse4.1, sse4.2, popcnt, lzcnt, tsc, tscinvbit, avx, avx2, aes, erms, clmul, bmi1, bmi2, adx, sha, fma, vzeroupper, clflush, clflushopt, clwb, hv

Memory: 4k page, system-wide physical 16108M (481M free)
TotalPageFile size 18156M (AvailPageFile size 5M)
current process WorkingSet (physical memory assigned to process): 392M, peak: 407M
current process commit charge ("private bytes"): 486M, peak: 500M

vm_info: Java HotSpot(TM) 64-Bit Server VM (17.0.7+8-LTS-224) for windows-amd64 JRE (17.0.7+8-LTS-224), built on Feb 28 2023 23:03:02 by "mach5one" with MS VC++ 17.1 (VS2022)

END.
